2023-11-23 14:46:19,756 Namespace(out_dir='out', frequent=10, eval_interval=1, gpu=False, num_workers=4)
2023-11-23 14:46:19,939 => load 200 samples
2023-11-23 14:46:19,939 => load 200 samples
2023-11-23 14:46:21,932 Epoch: [0][0/200]	Time 1.993s (1.993s)	Speed 16.1 samples/s	Data 1.555s (1.555s)	Loss 2.53648 (2.53648)
2023-11-23 14:46:25,283 Epoch: [0][10/200]	Time 0.333s (0.486s)	Speed 96.2 samples/s	Data 0.000s (0.142s)	Loss 2.07386 (2.27317)
2023-11-23 14:46:28,756 Epoch: [0][20/200]	Time 0.338s (0.420s)	Speed 94.6 samples/s	Data 0.000s (0.074s)	Loss 1.78759 (2.10159)
2023-11-23 14:46:32,091 Epoch: [0][30/200]	Time 0.334s (0.392s)	Speed 95.9 samples/s	Data 0.000s (0.051s)	Loss 1.55066 (1.95593)
2023-11-23 14:46:35,445 Epoch: [0][40/200]	Time 0.335s (0.378s)	Speed 95.6 samples/s	Data 0.000s (0.038s)	Loss 1.32902 (1.82608)
2023-11-23 14:46:38,791 Epoch: [0][50/200]	Time 0.338s (0.370s)	Speed 94.6 samples/s	Data 0.000s (0.031s)	Loss 1.13840 (1.70794)
2023-11-23 14:46:42,126 Epoch: [0][60/200]	Time 0.328s (0.364s)	Speed 97.7 samples/s	Data 0.000s (0.026s)	Loss 0.96839 (1.59849)
2023-11-23 14:46:45,450 Epoch: [0][70/200]	Time 0.327s (0.359s)	Speed 97.9 samples/s	Data 0.000s (0.022s)	Loss 0.82222 (1.49833)
2023-11-23 14:46:48,777 Epoch: [0][80/200]	Time 0.338s (0.356s)	Speed 94.6 samples/s	Data 0.000s (0.020s)	Loss 0.69540 (1.40582)
2023-11-23 14:46:52,120 Epoch: [0][90/200]	Time 0.335s (0.354s)	Speed 95.6 samples/s	Data 0.000s (0.017s)	Loss 0.61282 (1.32209)
2023-11-23 14:46:55,459 Epoch: [0][100/200]	Time 0.331s (0.352s)	Speed 96.8 samples/s	Data 0.000s (0.016s)	Loss 0.51738 (1.24634)
2023-11-23 14:46:58,808 Epoch: [0][110/200]	Time 0.337s (0.350s)	Speed 95.0 samples/s	Data 0.000s (0.014s)	Loss 0.44711 (1.17777)
2023-11-23 14:47:02,142 Epoch: [0][120/200]	Time 0.336s (0.349s)	Speed 95.3 samples/s	Data 0.000s (0.013s)	Loss 0.39118 (1.11583)
2023-11-23 14:47:05,475 Epoch: [0][130/200]	Time 0.334s (0.348s)	Speed 95.8 samples/s	Data 0.000s (0.012s)	Loss 0.37072 (1.05930)
2023-11-23 14:47:08,810 Epoch: [0][140/200]	Time 0.337s (0.347s)	Speed 95.0 samples/s	Data 0.000s (0.011s)	Loss 0.32812 (1.00871)
2023-11-23 14:47:12,143 Epoch: [0][150/200]	Time 0.332s (0.346s)	Speed 96.4 samples/s	Data 0.000s (0.011s)	Loss 0.30458 (0.96228)
2023-11-23 14:47:15,483 Epoch: [0][160/200]	Time 0.339s (0.345s)	Speed 94.5 samples/s	Data 0.000s (0.010s)	Loss 0.28764 (0.92040)
2023-11-23 14:47:18,816 Epoch: [0][170/200]	Time 0.337s (0.344s)	Speed 95.0 samples/s	Data 0.000s (0.009s)	Loss 0.27236 (0.88224)
2023-11-23 14:47:22,156 Epoch: [0][180/200]	Time 0.334s (0.344s)	Speed 95.9 samples/s	Data 0.000s (0.009s)	Loss 0.24439 (0.84750)
2023-11-23 14:47:25,514 Epoch: [0][190/200]	Time 0.331s (0.343s)	Speed 96.8 samples/s	Data 0.000s (0.009s)	Loss 0.21930 (0.81517)
2023-11-23 14:47:50,203 Test: [0/200]	Time 1.095 (1.095)	Loss 0.4679 (0.4679)
2023-11-23 14:47:50,435 Test: [10/200]	Time 0.023 (0.121)	Loss 0.1636 (0.3845)
2023-11-23 14:47:50,638 Test: [20/200]	Time 0.018 (0.073)	Loss 0.2875 (0.3982)
2023-11-23 14:47:50,838 Test: [30/200]	Time 0.018 (0.056)	Loss 0.5658 (0.4047)
2023-11-23 14:47:51,039 Test: [40/200]	Time 0.018 (0.047)	Loss 0.4240 (0.4204)
2023-11-23 14:47:51,239 Test: [50/200]	Time 0.021 (0.042)	Loss 0.5055 (0.4246)
2023-11-23 14:47:51,456 Test: [60/200]	Time 0.023 (0.038)	Loss 0.4937 (0.4251)
2023-11-23 14:47:51,680 Test: [70/200]	Time 0.020 (0.036)	Loss 0.4103 (0.4245)
2023-11-23 14:47:51,883 Test: [80/200]	Time 0.019 (0.034)	Loss 0.5153 (0.4190)
2023-11-23 14:47:52,076 Test: [90/200]	Time 0.019 (0.033)	Loss 0.5100 (0.4228)
2023-11-23 14:47:52,271 Test: [100/200]	Time 0.017 (0.031)	Loss 0.5264 (0.4216)
2023-11-23 14:47:52,468 Test: [110/200]	Time 0.019 (0.030)	Loss 0.5063 (0.4231)
2023-11-23 14:47:52,665 Test: [120/200]	Time 0.018 (0.029)	Loss 0.4805 (0.4201)
2023-11-23 14:47:52,869 Test: [130/200]	Time 0.020 (0.029)	Loss 0.3970 (0.4244)
2023-11-23 14:47:53,064 Test: [140/200]	Time 0.017 (0.028)	Loss 0.3847 (0.4233)
2023-11-23 14:47:53,259 Test: [150/200]	Time 0.019 (0.027)	Loss 0.4615 (0.4220)
2023-11-23 14:47:53,452 Test: [160/200]	Time 0.018 (0.027)	Loss 0.4439 (0.4217)
2023-11-23 14:47:53,648 Test: [170/200]	Time 0.018 (0.027)	Loss 0.3206 (0.4192)
2023-11-23 14:47:53,842 Test: [180/200]	Time 0.017 (0.026)	Loss 0.3444 (0.4170)
2023-11-23 14:47:54,032 Test: [190/200]	Time 0.018 (0.026)	Loss 0.3676 (0.4182)
2023-11-23 14:47:59,639 Mean IoU score: 0.173
2023-11-23 14:47:59,641 => saving checkpoint to out
2023-11-23 14:48:01,507 Epoch: [1][0/200]	Time 1.837s (1.837s)	Speed 17.4 samples/s	Data 1.398s (1.398s)	Loss 0.21205 (0.21205)
2023-11-23 14:48:05,262 Epoch: [1][10/200]	Time 0.373s (0.508s)	Speed 85.8 samples/s	Data 0.000s (0.128s)	Loss 0.20973 (0.21819)
2023-11-23 14:48:09,031 Epoch: [1][20/200]	Time 0.339s (0.446s)	Speed 94.3 samples/s	Data 0.000s (0.067s)	Loss 0.26323 (0.21491)
2023-11-23 14:48:12,422 Epoch: [1][30/200]	Time 0.342s (0.411s)	Speed 93.5 samples/s	Data 0.000s (0.046s)	Loss 0.17740 (0.21189)
2023-11-23 14:48:15,757 Epoch: [1][40/200]	Time 0.331s (0.392s)	Speed 96.7 samples/s	Data 0.000s (0.035s)	Loss 0.18991 (0.20671)
2023-11-23 14:48:19,139 Epoch: [1][50/200]	Time 0.334s (0.382s)	Speed 95.8 samples/s	Data 0.000s (0.028s)	Loss 0.16450 (0.20261)
2023-11-23 14:48:22,574 Epoch: [1][60/200]	Time 0.335s (0.375s)	Speed 95.6 samples/s	Data 0.000s (0.023s)	Loss 0.17869 (0.19891)
2023-11-23 14:48:26,065 Epoch: [1][70/200]	Time 0.372s (0.372s)	Speed 86.0 samples/s	Data 0.000s (0.020s)	Loss 0.16733 (0.19499)
2023-11-23 14:48:29,590 Epoch: [1][80/200]	Time 0.364s (0.369s)	Speed 87.8 samples/s	Data 0.000s (0.018s)	Loss 0.13250 (0.19036)
2023-11-23 14:48:33,027 Epoch: [1][90/200]	Time 0.335s (0.367s)	Speed 95.4 samples/s	Data 0.000s (0.016s)	Loss 0.15058 (0.18592)
2023-11-23 14:48:36,424 Epoch: [1][100/200]	Time 0.348s (0.364s)	Speed 92.0 samples/s	Data 0.000s (0.014s)	Loss 0.14352 (0.18333)
2023-11-23 14:48:39,807 Epoch: [1][110/200]	Time 0.335s (0.362s)	Speed 95.6 samples/s	Data 0.000s (0.013s)	Loss 0.13763 (0.18042)
2023-11-23 14:48:43,299 Epoch: [1][120/200]	Time 0.336s (0.361s)	Speed 95.3 samples/s	Data 0.000s (0.012s)	Loss 0.12646 (0.17677)
2023-11-23 14:48:46,687 Epoch: [1][130/200]	Time 0.338s (0.359s)	Speed 94.5 samples/s	Data 0.000s (0.011s)	Loss 0.12746 (0.17345)
2023-11-23 14:48:50,083 Epoch: [1][140/200]	Time 0.338s (0.358s)	Speed 94.6 samples/s	Data 0.000s (0.010s)	Loss 0.15844 (0.17063)
2023-11-23 14:48:53,466 Epoch: [1][150/200]	Time 0.339s (0.356s)	Speed 94.4 samples/s	Data 0.000s (0.010s)	Loss 0.11416 (0.16785)
2023-11-23 14:48:56,854 Epoch: [1][160/200]	Time 0.335s (0.355s)	Speed 95.5 samples/s	Data 0.000s (0.009s)	Loss 0.13355 (0.16539)
2023-11-23 14:49:00,308 Epoch: [1][170/200]	Time 0.341s (0.355s)	Speed 93.9 samples/s	Data 0.000s (0.009s)	Loss 0.11128 (0.16282)
2023-11-23 14:49:03,789 Epoch: [1][180/200]	Time 0.354s (0.354s)	Speed 90.4 samples/s	Data 0.000s (0.008s)	Loss 0.12237 (0.16031)
2023-11-23 14:49:07,238 Epoch: [1][190/200]	Time 0.334s (0.354s)	Speed 95.9 samples/s	Data 0.000s (0.008s)	Loss 0.11557 (0.15789)
2023-11-23 14:49:31,522 Test: [0/200]	Time 1.238 (1.238)	Loss 0.3179 (0.3179)
2023-11-23 14:49:31,722 Test: [10/200]	Time 0.018 (0.131)	Loss 0.0811 (0.2353)
2023-11-23 14:49:31,921 Test: [20/200]	Time 0.018 (0.078)	Loss 0.1751 (0.2440)
2023-11-23 14:49:32,131 Test: [30/200]	Time 0.018 (0.060)	Loss 0.3250 (0.2505)
2023-11-23 14:49:32,336 Test: [40/200]	Time 0.020 (0.050)	Loss 0.2562 (0.2620)
2023-11-23 14:49:32,557 Test: [50/200]	Time 0.021 (0.045)	Loss 0.3241 (0.2633)
2023-11-23 14:49:32,758 Test: [60/200]	Time 0.018 (0.041)	Loss 0.3085 (0.2648)
2023-11-23 14:49:32,961 Test: [70/200]	Time 0.020 (0.038)	Loss 0.2252 (0.2639)
2023-11-23 14:49:33,161 Test: [80/200]	Time 0.018 (0.036)	Loss 0.3441 (0.2602)
2023-11-23 14:49:33,359 Test: [90/200]	Time 0.017 (0.034)	Loss 0.3303 (0.2625)
2023-11-23 14:49:33,555 Test: [100/200]	Time 0.019 (0.032)	Loss 0.3337 (0.2612)
2023-11-23 14:49:33,787 Test: [110/200]	Time 0.023 (0.032)	Loss 0.3490 (0.2630)
2023-11-23 14:49:33,989 Test: [120/200]	Time 0.019 (0.031)	Loss 0.3015 (0.2607)
2023-11-23 14:49:34,182 Test: [130/200]	Time 0.018 (0.030)	Loss 0.2386 (0.2638)
2023-11-23 14:49:34,403 Test: [140/200]	Time 0.019 (0.029)	Loss 0.2374 (0.2629)
2023-11-23 14:49:34,603 Test: [150/200]	Time 0.019 (0.029)	Loss 0.2784 (0.2615)
2023-11-23 14:49:34,807 Test: [160/200]	Time 0.019 (0.028)	Loss 0.3069 (0.2613)
2023-11-23 14:49:35,027 Test: [170/200]	Time 0.019 (0.028)	Loss 0.2026 (0.2594)
2023-11-23 14:49:35,228 Test: [180/200]	Time 0.019 (0.027)	Loss 0.2146 (0.2581)
2023-11-23 14:49:35,428 Test: [190/200]	Time 0.019 (0.027)	Loss 0.1881 (0.2590)
2023-11-23 14:49:41,017 Mean IoU score: 0.381
2023-11-23 14:49:41,018 => saving checkpoint to out
2023-11-23 14:49:42,935 Epoch: [2][0/200]	Time 1.886s (1.886s)	Speed 17.0 samples/s	Data 1.450s (1.450s)	Loss 0.09129 (0.09129)
2023-11-23 14:49:46,351 Epoch: [2][10/200]	Time 0.337s (0.482s)	Speed 95.1 samples/s	Data 0.000s (0.132s)	Loss 0.10347 (0.10209)
2023-11-23 14:49:49,751 Epoch: [2][20/200]	Time 0.340s (0.414s)	Speed 94.2 samples/s	Data 0.000s (0.069s)	Loss 0.10061 (0.09784)
2023-11-23 14:49:53,150 Epoch: [2][30/200]	Time 0.333s (0.390s)	Speed 96.0 samples/s	Data 0.000s (0.047s)	Loss 0.08678 (0.09370)
2023-11-23 14:49:56,521 Epoch: [2][40/200]	Time 0.336s (0.377s)	Speed 95.4 samples/s	Data 0.000s (0.036s)	Loss 0.08305 (0.09260)
2023-11-23 14:49:59,887 Epoch: [2][50/200]	Time 0.339s (0.369s)	Speed 94.3 samples/s	Data 0.000s (0.029s)	Loss 0.07445 (0.09062)
2023-11-23 14:50:03,273 Epoch: [2][60/200]	Time 0.336s (0.364s)	Speed 95.1 samples/s	Data 0.000s (0.024s)	Loss 0.07490 (0.08899)
2023-11-23 14:50:06,649 Epoch: [2][70/200]	Time 0.340s (0.361s)	Speed 94.1 samples/s	Data 0.000s (0.021s)	Loss 0.07903 (0.08689)
2023-11-23 14:50:10,051 Epoch: [2][80/200]	Time 0.336s (0.358s)	Speed 95.3 samples/s	Data 0.000s (0.018s)	Loss 0.07411 (0.08529)
2023-11-23 14:50:13,440 Epoch: [2][90/200]	Time 0.335s (0.356s)	Speed 95.5 samples/s	Data 0.000s (0.016s)	Loss 0.05994 (0.08353)
2023-11-23 14:50:16,808 Epoch: [2][100/200]	Time 0.337s (0.354s)	Speed 94.8 samples/s	Data 0.000s (0.015s)	Loss 0.07168 (0.08155)
2023-11-23 14:50:20,203 Epoch: [2][110/200]	Time 0.351s (0.353s)	Speed 91.2 samples/s	Data 0.000s (0.013s)	Loss 0.05784 (0.08045)
2023-11-23 14:50:23,736 Epoch: [2][120/200]	Time 0.342s (0.353s)	Speed 93.5 samples/s	Data 0.000s (0.012s)	Loss 0.06768 (0.07888)
2023-11-23 14:50:27,331 Epoch: [2][130/200]	Time 0.502s (0.353s)	Speed 63.8 samples/s	Data 0.000s (0.011s)	Loss 0.06392 (0.07743)
2023-11-23 14:50:30,862 Epoch: [2][140/200]	Time 0.337s (0.353s)	Speed 95.0 samples/s	Data 0.000s (0.011s)	Loss 0.06404 (0.07611)
2023-11-23 14:50:34,289 Epoch: [2][150/200]	Time 0.339s (0.353s)	Speed 94.4 samples/s	Data 0.000s (0.010s)	Loss 0.04971 (0.07498)
2023-11-23 14:50:37,733 Epoch: [2][160/200]	Time 0.345s (0.352s)	Speed 92.7 samples/s	Data 0.000s (0.009s)	Loss 0.04606 (0.07352)
2023-11-23 14:50:41,181 Epoch: [2][170/200]	Time 0.343s (0.352s)	Speed 93.2 samples/s	Data 0.000s (0.009s)	Loss 0.05384 (0.07224)
2023-11-23 14:50:44,611 Epoch: [2][180/200]	Time 0.340s (0.351s)	Speed 94.0 samples/s	Data 0.000s (0.008s)	Loss 0.05063 (0.07093)
2023-11-23 14:50:47,987 Epoch: [2][190/200]	Time 0.336s (0.350s)	Speed 95.4 samples/s	Data 0.000s (0.008s)	Loss 0.05602 (0.06966)
2023-11-23 14:51:12,137 Test: [0/200]	Time 1.090 (1.090)	Loss 0.1766 (0.1766)
2023-11-23 14:51:12,346 Test: [10/200]	Time 0.020 (0.118)	Loss 0.0520 (0.1528)
2023-11-23 14:51:12,550 Test: [20/200]	Time 0.020 (0.072)	Loss 0.1145 (0.1570)
2023-11-23 14:51:12,756 Test: [30/200]	Time 0.019 (0.055)	Loss 0.2484 (0.1694)
2023-11-23 14:51:12,962 Test: [40/200]	Time 0.019 (0.047)	Loss 0.1767 (0.1774)
2023-11-23 14:51:13,168 Test: [50/200]	Time 0.021 (0.042)	Loss 0.2353 (0.1786)
2023-11-23 14:51:13,373 Test: [60/200]	Time 0.019 (0.038)	Loss 0.2220 (0.1825)
2023-11-23 14:51:13,576 Test: [70/200]	Time 0.020 (0.036)	Loss 0.1570 (0.1813)
2023-11-23 14:51:13,778 Test: [80/200]	Time 0.017 (0.034)	Loss 0.2111 (0.1782)
2023-11-23 14:51:13,979 Test: [90/200]	Time 0.020 (0.032)	Loss 0.2380 (0.1799)
2023-11-23 14:51:14,180 Test: [100/200]	Time 0.018 (0.031)	Loss 0.2451 (0.1786)
2023-11-23 14:51:14,379 Test: [110/200]	Time 0.019 (0.030)	Loss 0.2411 (0.1787)
2023-11-23 14:51:14,581 Test: [120/200]	Time 0.018 (0.029)	Loss 0.2289 (0.1764)
2023-11-23 14:51:14,779 Test: [130/200]	Time 0.018 (0.028)	Loss 0.1526 (0.1780)
2023-11-23 14:51:14,980 Test: [140/200]	Time 0.018 (0.028)	Loss 0.1347 (0.1766)
2023-11-23 14:51:15,178 Test: [150/200]	Time 0.019 (0.027)	Loss 0.1790 (0.1749)
2023-11-23 14:51:15,376 Test: [160/200]	Time 0.017 (0.027)	Loss 0.1906 (0.1747)
2023-11-23 14:51:15,571 Test: [170/200]	Time 0.018 (0.026)	Loss 0.1752 (0.1730)
2023-11-23 14:51:15,764 Test: [180/200]	Time 0.019 (0.026)	Loss 0.1443 (0.1714)
2023-11-23 14:51:15,955 Test: [190/200]	Time 0.018 (0.026)	Loss 0.1112 (0.1714)
2023-11-23 14:51:21,518 Mean IoU score: 0.609
2023-11-23 14:51:21,519 => saving checkpoint to out
2023-11-23 14:51:23,381 Epoch: [3][0/200]	Time 1.830s (1.830s)	Speed 17.5 samples/s	Data 1.457s (1.457s)	Loss 0.04402 (0.04402)
2023-11-23 14:51:26,799 Epoch: [3][10/200]	Time 0.342s (0.477s)	Speed 93.7 samples/s	Data 0.000s (0.133s)	Loss 0.04844 (0.04601)
2023-11-23 14:51:30,269 Epoch: [3][20/200]	Time 0.377s (0.415s)	Speed 84.8 samples/s	Data 0.000s (0.070s)	Loss 0.06735 (0.04475)
2023-11-23 14:51:33,695 Epoch: [3][30/200]	Time 0.342s (0.392s)	Speed 93.5 samples/s	Data 0.000s (0.047s)	Loss 0.02923 (0.04394)
2023-11-23 14:51:37,086 Epoch: [3][40/200]	Time 0.337s (0.379s)	Speed 95.0 samples/s	Data 0.000s (0.036s)	Loss 0.03757 (0.04343)
2023-11-23 14:51:40,477 Epoch: [3][50/200]	Time 0.336s (0.371s)	Speed 95.2 samples/s	Data 0.000s (0.029s)	Loss 0.03250 (0.04251)
2023-11-23 14:51:43,863 Epoch: [3][60/200]	Time 0.336s (0.366s)	Speed 95.2 samples/s	Data 0.000s (0.024s)	Loss 0.03739 (0.04173)
2023-11-23 14:51:47,243 Epoch: [3][70/200]	Time 0.340s (0.362s)	Speed 94.2 samples/s	Data 0.000s (0.021s)	Loss 0.04072 (0.04144)
2023-11-23 14:51:50,751 Epoch: [3][80/200]	Time 0.355s (0.360s)	Speed 90.2 samples/s	Data 0.000s (0.018s)	Loss 0.02996 (0.04124)
2023-11-23 14:51:54,290 Epoch: [3][90/200]	Time 0.351s (0.360s)	Speed 91.1 samples/s	Data 0.000s (0.016s)	Loss 0.03320 (0.04086)
2023-11-23 14:51:57,727 Epoch: [3][100/200]	Time 0.337s (0.358s)	Speed 95.0 samples/s	Data 0.000s (0.015s)	Loss 0.03696 (0.04062)
2023-11-23 14:52:01,216 Epoch: [3][110/200]	Time 0.341s (0.357s)	Speed 93.9 samples/s	Data 0.000s (0.014s)	Loss 0.03398 (0.04035)
2023-11-23 14:52:04,685 Epoch: [3][120/200]	Time 0.343s (0.356s)	Speed 93.3 samples/s	Data 0.000s (0.012s)	Loss 0.04522 (0.04027)
2023-11-23 14:52:08,106 Epoch: [3][130/200]	Time 0.337s (0.355s)	Speed 95.0 samples/s	Data 0.000s (0.012s)	Loss 0.03605 (0.04001)
2023-11-23 14:52:11,544 Epoch: [3][140/200]	Time 0.348s (0.355s)	Speed 92.0 samples/s	Data 0.000s (0.011s)	Loss 0.03634 (0.03959)
2023-11-23 14:52:15,061 Epoch: [3][150/200]	Time 0.347s (0.354s)	Speed 92.1 samples/s	Data 0.000s (0.010s)	Loss 0.02647 (0.03932)
2023-11-23 14:52:18,604 Epoch: [3][160/200]	Time 0.350s (0.354s)	Speed 91.3 samples/s	Data 0.000s (0.009s)	Loss 0.03392 (0.03929)
2023-11-23 14:52:22,130 Epoch: [3][170/200]	Time 0.363s (0.354s)	Speed 88.1 samples/s	Data 0.000s (0.009s)	Loss 0.04017 (0.03905)
2023-11-23 14:52:25,809 Epoch: [3][180/200]	Time 0.344s (0.355s)	Speed 93.0 samples/s	Data 0.000s (0.008s)	Loss 0.03414 (0.03874)
2023-11-23 14:52:29,253 Epoch: [3][190/200]	Time 0.339s (0.354s)	Speed 94.3 samples/s	Data 0.000s (0.008s)	Loss 0.03021 (0.03843)
2023-11-23 14:52:53,540 Test: [0/200]	Time 1.181 (1.181)	Loss 0.1177 (0.1177)
2023-11-23 14:52:53,762 Test: [10/200]	Time 0.018 (0.128)	Loss 0.0204 (0.0829)
2023-11-23 14:52:53,952 Test: [20/200]	Time 0.019 (0.076)	Loss 0.0648 (0.0904)
2023-11-23 14:52:54,155 Test: [30/200]	Time 0.018 (0.058)	Loss 0.1279 (0.0962)
2023-11-23 14:52:54,340 Test: [40/200]	Time 0.017 (0.048)	Loss 0.1157 (0.1009)
2023-11-23 14:52:54,544 Test: [50/200]	Time 0.019 (0.043)	Loss 0.1704 (0.1013)
2023-11-23 14:52:54,733 Test: [60/200]	Time 0.017 (0.039)	Loss 0.1259 (0.1040)
2023-11-23 14:52:54,917 Test: [70/200]	Time 0.018 (0.036)	Loss 0.1030 (0.1043)
2023-11-23 14:52:55,095 Test: [80/200]	Time 0.017 (0.034)	Loss 0.1010 (0.1022)
2023-11-23 14:52:55,282 Test: [90/200]	Time 0.018 (0.032)	Loss 0.1066 (0.1037)
2023-11-23 14:52:55,464 Test: [100/200]	Time 0.017 (0.031)	Loss 0.1370 (0.1033)
2023-11-23 14:52:55,651 Test: [110/200]	Time 0.017 (0.030)	Loss 0.1797 (0.1045)
2023-11-23 14:52:55,841 Test: [120/200]	Time 0.016 (0.029)	Loss 0.1154 (0.1034)
2023-11-23 14:52:56,022 Test: [130/200]	Time 0.016 (0.028)	Loss 0.1137 (0.1044)
2023-11-23 14:52:56,200 Test: [140/200]	Time 0.016 (0.027)	Loss 0.0975 (0.1038)
2023-11-23 14:52:56,380 Test: [150/200]	Time 0.018 (0.027)	Loss 0.0913 (0.1030)
2023-11-23 14:52:56,562 Test: [160/200]	Time 0.018 (0.026)	Loss 0.1084 (0.1028)
2023-11-23 14:52:56,754 Test: [170/200]	Time 0.017 (0.026)	Loss 0.1019 (0.1020)
2023-11-23 14:52:56,950 Test: [180/200]	Time 0.018 (0.025)	Loss 0.0807 (0.1013)
2023-11-23 14:52:57,143 Test: [190/200]	Time 0.018 (0.025)	Loss 0.0641 (0.1011)
2023-11-23 14:53:02,730 Mean IoU score: 0.776
2023-11-23 14:53:02,731 => saving checkpoint to out
2023-11-23 14:53:04,862 Epoch: [4][0/200]	Time 2.093s (2.093s)	Speed 15.3 samples/s	Data 1.613s (1.613s)	Loss 0.04081 (0.04081)
2023-11-23 14:53:08,800 Epoch: [4][10/200]	Time 0.368s (0.548s)	Speed 87.0 samples/s	Data 0.000s (0.147s)	Loss 0.02895 (0.03202)
2023-11-23 14:53:12,473 Epoch: [4][20/200]	Time 0.355s (0.462s)	Speed 90.2 samples/s	Data 0.000s (0.077s)	Loss 0.02446 (0.02987)
2023-11-23 14:53:16,191 Epoch: [4][30/200]	Time 0.351s (0.433s)	Speed 91.1 samples/s	Data 0.000s (0.052s)	Loss 0.02635 (0.02959)
2023-11-23 14:53:19,780 Epoch: [4][40/200]	Time 0.391s (0.415s)	Speed 81.9 samples/s	Data 0.000s (0.040s)	Loss 0.02580 (0.02964)
2023-11-23 14:53:23,441 Epoch: [4][50/200]	Time 0.350s (0.405s)	Speed 91.4 samples/s	Data 0.000s (0.032s)	Loss 0.02564 (0.02929)
2023-11-23 14:53:27,072 Epoch: [4][60/200]	Time 0.396s (0.398s)	Speed 80.9 samples/s	Data 0.000s (0.027s)	Loss 0.02052 (0.02865)
2023-11-23 14:53:30,779 Epoch: [4][70/200]	Time 0.352s (0.395s)	Speed 91.0 samples/s	Data 0.000s (0.023s)	Loss 0.02763 (0.02850)
2023-11-23 14:53:34,194 Epoch: [4][80/200]	Time 0.339s (0.388s)	Speed 94.5 samples/s	Data 0.000s (0.020s)	Loss 0.02813 (0.02824)
2023-11-23 14:53:37,615 Epoch: [4][90/200]	Time 0.340s (0.383s)	Speed 94.3 samples/s	Data 0.000s (0.018s)	Loss 0.02718 (0.02796)
2023-11-23 14:53:41,041 Epoch: [4][100/200]	Time 0.338s (0.379s)	Speed 94.6 samples/s	Data 0.000s (0.016s)	Loss 0.02764 (0.02787)
2023-11-23 14:53:44,736 Epoch: [4][110/200]	Time 0.345s (0.378s)	Speed 92.8 samples/s	Data 0.000s (0.015s)	Loss 0.03139 (0.02806)
2023-11-23 14:53:48,189 Epoch: [4][120/200]	Time 0.352s (0.375s)	Speed 91.0 samples/s	Data 0.000s (0.014s)	Loss 0.02939 (0.02796)
2023-11-23 14:53:52,406 Epoch: [4][130/200]	Time 0.344s (0.379s)	Speed 93.1 samples/s	Data 0.000s (0.013s)	Loss 0.02549 (0.02810)
2023-11-23 14:53:55,869 Epoch: [4][140/200]	Time 0.344s (0.377s)	Speed 92.9 samples/s	Data 0.000s (0.012s)	Loss 0.02780 (0.02820)
2023-11-23 14:53:59,356 Epoch: [4][150/200]	Time 0.343s (0.375s)	Speed 93.2 samples/s	Data 0.000s (0.011s)	Loss 0.02656 (0.02814)
2023-11-23 14:54:02,800 Epoch: [4][160/200]	Time 0.341s (0.373s)	Speed 93.8 samples/s	Data 0.000s (0.010s)	Loss 0.02408 (0.02796)
2023-11-23 14:54:06,359 Epoch: [4][170/200]	Time 0.347s (0.372s)	Speed 92.3 samples/s	Data 0.000s (0.010s)	Loss 0.02099 (0.02781)
2023-11-23 14:54:09,877 Epoch: [4][180/200]	Time 0.348s (0.371s)	Speed 91.8 samples/s	Data 0.000s (0.009s)	Loss 0.03354 (0.02770)
2023-11-23 14:54:13,381 Epoch: [4][190/200]	Time 0.354s (0.370s)	Speed 90.4 samples/s	Data 0.000s (0.009s)	Loss 0.02797 (0.02752)
2023-11-23 14:54:37,644 Test: [0/200]	Time 1.127 (1.127)	Loss 0.0872 (0.0872)
2023-11-23 14:54:37,839 Test: [10/200]	Time 0.018 (0.120)	Loss 0.0150 (0.0731)
2023-11-23 14:54:38,036 Test: [20/200]	Time 0.019 (0.072)	Loss 0.0491 (0.0722)
2023-11-23 14:54:38,234 Test: [30/200]	Time 0.019 (0.055)	Loss 0.1456 (0.0794)
2023-11-23 14:54:38,429 Test: [40/200]	Time 0.019 (0.047)	Loss 0.0608 (0.0815)
2023-11-23 14:54:38,622 Test: [50/200]	Time 0.018 (0.041)	Loss 0.1209 (0.0815)
2023-11-23 14:54:38,821 Test: [60/200]	Time 0.018 (0.038)	Loss 0.1299 (0.0847)
2023-11-23 14:54:39,017 Test: [70/200]	Time 0.017 (0.035)	Loss 0.0759 (0.0849)
2023-11-23 14:54:39,216 Test: [80/200]	Time 0.019 (0.033)	Loss 0.0804 (0.0834)
2023-11-23 14:54:39,408 Test: [90/200]	Time 0.018 (0.032)	Loss 0.0946 (0.0836)
2023-11-23 14:54:39,618 Test: [100/200]	Time 0.020 (0.031)	Loss 0.1380 (0.0830)
2023-11-23 14:54:39,815 Test: [110/200]	Time 0.018 (0.030)	Loss 0.1517 (0.0836)
2023-11-23 14:54:40,014 Test: [120/200]	Time 0.018 (0.029)	Loss 0.1053 (0.0826)
2023-11-23 14:54:40,218 Test: [130/200]	Time 0.019 (0.028)	Loss 0.0744 (0.0834)
2023-11-23 14:54:40,434 Test: [140/200]	Time 0.022 (0.028)	Loss 0.0660 (0.0829)
2023-11-23 14:54:40,660 Test: [150/200]	Time 0.020 (0.027)	Loss 0.0805 (0.0819)
2023-11-23 14:54:40,885 Test: [160/200]	Time 0.024 (0.027)	Loss 0.0951 (0.0817)
2023-11-23 14:54:41,104 Test: [170/200]	Time 0.024 (0.027)	Loss 0.0682 (0.0810)
2023-11-23 14:54:41,322 Test: [180/200]	Time 0.022 (0.027)	Loss 0.0546 (0.0802)
2023-11-23 14:54:41,524 Test: [190/200]	Time 0.018 (0.026)	Loss 0.0448 (0.0800)
2023-11-23 14:54:47,103 Mean IoU score: 0.810
2023-11-23 14:54:47,104 => saving checkpoint to out
2023-11-23 14:54:49,032 Epoch: [5][0/200]	Time 1.902s (1.902s)	Speed 16.8 samples/s	Data 1.506s (1.506s)	Loss 0.02052 (0.02052)
2023-11-23 14:54:52,419 Epoch: [5][10/200]	Time 0.333s (0.481s)	Speed 96.1 samples/s	Data 0.000s (0.137s)	Loss 0.01726 (0.02212)
2023-11-23 14:54:55,772 Epoch: [5][20/200]	Time 0.338s (0.412s)	Speed 94.8 samples/s	Data 0.000s (0.072s)	Loss 0.02189 (0.02279)
2023-11-23 14:54:59,150 Epoch: [5][30/200]	Time 0.337s (0.388s)	Speed 95.0 samples/s	Data 0.000s (0.049s)	Loss 0.02695 (0.02266)
2023-11-23 14:55:02,588 Epoch: [5][40/200]	Time 0.337s (0.377s)	Speed 95.0 samples/s	Data 0.000s (0.037s)	Loss 0.02069 (0.02266)
2023-11-23 14:55:06,068 Epoch: [5][50/200]	Time 0.356s (0.371s)	Speed 89.9 samples/s	Data 0.000s (0.030s)	Loss 0.02706 (0.02269)
2023-11-23 14:55:09,566 Epoch: [5][60/200]	Time 0.360s (0.368s)	Speed 88.8 samples/s	Data 0.000s (0.025s)	Loss 0.01665 (0.02223)
2023-11-23 14:55:13,033 Epoch: [5][70/200]	Time 0.338s (0.365s)	Speed 94.6 samples/s	Data 0.000s (0.022s)	Loss 0.01719 (0.02207)
2023-11-23 14:55:16,551 Epoch: [5][80/200]	Time 0.361s (0.363s)	Speed 88.6 samples/s	Data 0.000s (0.019s)	Loss 0.01947 (0.02191)
2023-11-23 14:55:20,041 Epoch: [5][90/200]	Time 0.346s (0.362s)	Speed 92.6 samples/s	Data 0.000s (0.017s)	Loss 0.01467 (0.02184)
2023-11-23 14:55:23,503 Epoch: [5][100/200]	Time 0.341s (0.360s)	Speed 93.8 samples/s	Data 0.000s (0.015s)	Loss 0.02268 (0.02166)
2023-11-23 14:55:26,967 Epoch: [5][110/200]	Time 0.350s (0.359s)	Speed 91.5 samples/s	Data 0.000s (0.014s)	Loss 0.02320 (0.02164)
2023-11-23 14:55:30,482 Epoch: [5][120/200]	Time 0.347s (0.358s)	Speed 92.2 samples/s	Data 0.000s (0.013s)	Loss 0.02031 (0.02146)
2023-11-23 14:55:33,998 Epoch: [5][130/200]	Time 0.366s (0.358s)	Speed 87.4 samples/s	Data 0.000s (0.012s)	Loss 0.02380 (0.02152)
2023-11-23 14:55:37,445 Epoch: [5][140/200]	Time 0.344s (0.357s)	Speed 93.1 samples/s	Data 0.000s (0.011s)	Loss 0.02313 (0.02149)
2023-11-23 14:55:40,937 Epoch: [5][150/200]	Time 0.361s (0.356s)	Speed 88.6 samples/s	Data 0.000s (0.010s)	Loss 0.02496 (0.02147)
2023-11-23 14:55:44,351 Epoch: [5][160/200]	Time 0.338s (0.355s)	Speed 94.7 samples/s	Data 0.000s (0.010s)	Loss 0.02182 (0.02136)
2023-11-23 14:55:47,803 Epoch: [5][170/200]	Time 0.340s (0.355s)	Speed 94.2 samples/s	Data 0.000s (0.009s)	Loss 0.02126 (0.02129)
2023-11-23 14:55:51,230 Epoch: [5][180/200]	Time 0.337s (0.354s)	Speed 95.0 samples/s	Data 0.000s (0.009s)	Loss 0.01896 (0.02133)
2023-11-23 14:55:54,639 Epoch: [5][190/200]	Time 0.335s (0.353s)	Speed 95.6 samples/s	Data 0.000s (0.008s)	Loss 0.01674 (0.02129)
2023-11-23 14:56:18,766 Test: [0/200]	Time 1.066 (1.066)	Loss 0.1017 (0.1017)
2023-11-23 14:56:18,985 Test: [10/200]	Time 0.021 (0.117)	Loss 0.0166 (0.0701)
2023-11-23 14:56:19,196 Test: [20/200]	Time 0.021 (0.071)	Loss 0.0691 (0.0715)
2023-11-23 14:56:19,405 Test: [30/200]	Time 0.019 (0.055)	Loss 0.1005 (0.0792)
2023-11-23 14:56:19,620 Test: [40/200]	Time 0.019 (0.047)	Loss 0.0546 (0.0805)
2023-11-23 14:56:19,833 Test: [50/200]	Time 0.021 (0.042)	Loss 0.1214 (0.0809)
2023-11-23 14:56:20,042 Test: [60/200]	Time 0.020 (0.038)	Loss 0.1427 (0.0835)
2023-11-23 14:56:20,253 Test: [70/200]	Time 0.020 (0.036)	Loss 0.0724 (0.0840)
2023-11-23 14:56:20,463 Test: [80/200]	Time 0.020 (0.034)	Loss 0.1164 (0.0831)
2023-11-23 14:56:20,681 Test: [90/200]	Time 0.018 (0.033)	Loss 0.1040 (0.0842)
2023-11-23 14:56:20,889 Test: [100/200]	Time 0.019 (0.032)	Loss 0.1568 (0.0836)
2023-11-23 14:56:21,097 Test: [110/200]	Time 0.020 (0.031)	Loss 0.1472 (0.0838)
2023-11-23 14:56:21,301 Test: [120/200]	Time 0.019 (0.030)	Loss 0.1071 (0.0822)
2023-11-23 14:56:21,503 Test: [130/200]	Time 0.018 (0.029)	Loss 0.0579 (0.0824)
2023-11-23 14:56:21,711 Test: [140/200]	Time 0.018 (0.028)	Loss 0.0810 (0.0820)
2023-11-23 14:56:21,914 Test: [150/200]	Time 0.020 (0.028)	Loss 0.0692 (0.0806)
2023-11-23 14:56:22,118 Test: [160/200]	Time 0.020 (0.027)	Loss 0.0933 (0.0805)
2023-11-23 14:56:22,319 Test: [170/200]	Time 0.018 (0.027)	Loss 0.0545 (0.0796)
2023-11-23 14:56:22,518 Test: [180/200]	Time 0.020 (0.027)	Loss 0.0639 (0.0792)
2023-11-23 14:56:22,717 Test: [190/200]	Time 0.018 (0.026)	Loss 0.0386 (0.0792)
2023-11-23 14:56:28,290 Mean IoU score: 0.810
2023-11-23 14:56:28,292 => saving checkpoint to out
2023-11-23 14:56:30,139 Epoch: [6][0/200]	Time 1.824s (1.824s)	Speed 17.5 samples/s	Data 1.449s (1.449s)	Loss 0.01766 (0.01766)
2023-11-23 14:56:33,526 Epoch: [6][10/200]	Time 0.334s (0.474s)	Speed 95.9 samples/s	Data 0.000s (0.132s)	Loss 0.02036 (0.01714)
2023-11-23 14:56:36,896 Epoch: [6][20/200]	Time 0.338s (0.409s)	Speed 94.7 samples/s	Data 0.000s (0.069s)	Loss 0.01619 (0.01808)
2023-11-23 14:56:40,267 Epoch: [6][30/200]	Time 0.337s (0.386s)	Speed 95.0 samples/s	Data 0.000s (0.047s)	Loss 0.01895 (0.01821)
2023-11-23 14:56:43,666 Epoch: [6][40/200]	Time 0.340s (0.374s)	Speed 94.1 samples/s	Data 0.000s (0.036s)	Loss 0.01693 (0.01805)
2023-11-23 14:56:47,052 Epoch: [6][50/200]	Time 0.334s (0.367s)	Speed 95.8 samples/s	Data 0.000s (0.029s)	Loss 0.01515 (0.01791)
2023-11-23 14:56:50,445 Epoch: [6][60/200]	Time 0.336s (0.363s)	Speed 95.3 samples/s	Data 0.000s (0.024s)	Loss 0.01447 (0.01760)
2023-11-23 14:56:53,834 Epoch: [6][70/200]	Time 0.338s (0.359s)	Speed 94.7 samples/s	Data 0.000s (0.021s)	Loss 0.01433 (0.01736)
2023-11-23 14:56:57,243 Epoch: [6][80/200]	Time 0.346s (0.357s)	Speed 92.6 samples/s	Data 0.000s (0.018s)	Loss 0.01584 (0.01731)
2023-11-23 14:57:00,638 Epoch: [6][90/200]	Time 0.346s (0.355s)	Speed 92.5 samples/s	Data 0.000s (0.016s)	Loss 0.01656 (0.01722)
2023-11-23 14:57:04,012 Epoch: [6][100/200]	Time 0.337s (0.353s)	Speed 95.0 samples/s	Data 0.000s (0.015s)	Loss 0.01588 (0.01717)
2023-11-23 14:57:07,411 Epoch: [6][110/200]	Time 0.343s (0.352s)	Speed 93.2 samples/s	Data 0.000s (0.013s)	Loss 0.01551 (0.01706)
2023-11-23 14:57:10,802 Epoch: [6][120/200]	Time 0.341s (0.351s)	Speed 93.8 samples/s	Data 0.000s (0.012s)	Loss 0.01762 (0.01703)
2023-11-23 14:57:14,206 Epoch: [6][130/200]	Time 0.337s (0.350s)	Speed 94.9 samples/s	Data 0.000s (0.011s)	Loss 0.01206 (0.01689)
2023-11-23 14:57:17,637 Epoch: [6][140/200]	Time 0.338s (0.350s)	Speed 94.6 samples/s	Data 0.000s (0.011s)	Loss 0.01448 (0.01682)
2023-11-23 14:57:21,036 Epoch: [6][150/200]	Time 0.340s (0.349s)	Speed 94.0 samples/s	Data 0.000s (0.010s)	Loss 0.01712 (0.01677)
2023-11-23 14:57:24,416 Epoch: [6][160/200]	Time 0.339s (0.348s)	Speed 94.4 samples/s	Data 0.000s (0.009s)	Loss 0.01909 (0.01678)
2023-11-23 14:57:27,801 Epoch: [6][170/200]	Time 0.340s (0.348s)	Speed 94.1 samples/s	Data 0.000s (0.009s)	Loss 0.01585 (0.01667)
2023-11-23 14:57:31,222 Epoch: [6][180/200]	Time 0.339s (0.348s)	Speed 94.4 samples/s	Data 0.000s (0.008s)	Loss 0.01090 (0.01667)
2023-11-23 14:57:34,631 Epoch: [6][190/200]	Time 0.337s (0.347s)	Speed 94.9 samples/s	Data 0.000s (0.008s)	Loss 0.01578 (0.01663)
2023-11-23 14:57:58,738 Test: [0/200]	Time 1.047 (1.047)	Loss 0.0755 (0.0755)
2023-11-23 14:57:58,949 Test: [10/200]	Time 0.020 (0.114)	Loss 0.0119 (0.0619)
2023-11-23 14:57:59,154 Test: [20/200]	Time 0.020 (0.070)	Loss 0.0416 (0.0640)
2023-11-23 14:57:59,372 Test: [30/200]	Time 0.021 (0.054)	Loss 0.0831 (0.0674)
2023-11-23 14:57:59,578 Test: [40/200]	Time 0.019 (0.046)	Loss 0.0652 (0.0694)
2023-11-23 14:57:59,789 Test: [50/200]	Time 0.019 (0.041)	Loss 0.1211 (0.0705)
2023-11-23 14:57:59,993 Test: [60/200]	Time 0.018 (0.038)	Loss 0.1151 (0.0732)
2023-11-23 14:58:00,200 Test: [70/200]	Time 0.020 (0.035)	Loss 0.0675 (0.0729)
2023-11-23 14:58:00,402 Test: [80/200]	Time 0.019 (0.033)	Loss 0.0690 (0.0713)
2023-11-23 14:58:00,629 Test: [90/200]	Time 0.034 (0.032)	Loss 0.0838 (0.0725)
2023-11-23 14:58:00,889 Test: [100/200]	Time 0.020 (0.032)	Loss 0.0949 (0.0722)
2023-11-23 14:58:01,101 Test: [110/200]	Time 0.020 (0.031)	Loss 0.1558 (0.0729)
2023-11-23 14:58:01,314 Test: [120/200]	Time 0.019 (0.030)	Loss 0.0819 (0.0720)
2023-11-23 14:58:01,520 Test: [130/200]	Time 0.019 (0.029)	Loss 0.0807 (0.0726)
2023-11-23 14:58:01,728 Test: [140/200]	Time 0.019 (0.029)	Loss 0.0674 (0.0721)
2023-11-23 14:58:01,935 Test: [150/200]	Time 0.019 (0.028)	Loss 0.0549 (0.0711)
2023-11-23 14:58:02,134 Test: [160/200]	Time 0.018 (0.028)	Loss 0.0945 (0.0712)
2023-11-23 14:58:02,338 Test: [170/200]	Time 0.019 (0.027)	Loss 0.0483 (0.0705)
2023-11-23 14:58:02,543 Test: [180/200]	Time 0.021 (0.027)	Loss 0.0451 (0.0698)
2023-11-23 14:58:02,749 Test: [190/200]	Time 0.020 (0.026)	Loss 0.0424 (0.0696)
2023-11-23 14:58:08,312 Mean IoU score: 0.832
2023-11-23 14:58:08,314 => saving checkpoint to out
2023-11-23 14:58:10,240 Epoch: [7][0/200]	Time 1.906s (1.906s)	Speed 16.8 samples/s	Data 1.519s (1.519s)	Loss 0.01556 (0.01556)
2023-11-23 14:58:13,638 Epoch: [7][10/200]	Time 0.337s (0.482s)	Speed 95.0 samples/s	Data 0.000s (0.139s)	Loss 0.01340 (0.01548)
2023-11-23 14:58:17,018 Epoch: [7][20/200]	Time 0.342s (0.414s)	Speed 93.6 samples/s	Data 0.000s (0.073s)	Loss 0.01690 (0.01526)
2023-11-23 14:58:20,392 Epoch: [7][30/200]	Time 0.336s (0.389s)	Speed 95.3 samples/s	Data 0.000s (0.049s)	Loss 0.01611 (0.01483)
2023-11-23 14:58:23,776 Epoch: [7][40/200]	Time 0.338s (0.377s)	Speed 94.7 samples/s	Data 0.000s (0.037s)	Loss 0.01178 (0.01476)
2023-11-23 14:58:27,149 Epoch: [7][50/200]	Time 0.336s (0.369s)	Speed 95.2 samples/s	Data 0.000s (0.030s)	Loss 0.01443 (0.01452)
2023-11-23 14:58:30,551 Epoch: [7][60/200]	Time 0.347s (0.364s)	Speed 92.2 samples/s	Data 0.000s (0.025s)	Loss 0.01311 (0.01449)
2023-11-23 14:58:33,948 Epoch: [7][70/200]	Time 0.338s (0.361s)	Speed 94.6 samples/s	Data 0.000s (0.022s)	Loss 0.01149 (0.01426)
2023-11-23 14:58:37,358 Epoch: [7][80/200]	Time 0.338s (0.358s)	Speed 94.7 samples/s	Data 0.000s (0.019s)	Loss 0.01160 (0.01421)
2023-11-23 14:58:40,748 Epoch: [7][90/200]	Time 0.346s (0.356s)	Speed 92.5 samples/s	Data 0.000s (0.017s)	Loss 0.01588 (0.01405)
2023-11-23 14:58:44,140 Epoch: [7][100/200]	Time 0.342s (0.355s)	Speed 93.6 samples/s	Data 0.000s (0.015s)	Loss 0.01616 (0.01410)
2023-11-23 14:58:47,567 Epoch: [7][110/200]	Time 0.339s (0.353s)	Speed 94.4 samples/s	Data 0.000s (0.014s)	Loss 0.01018 (0.01401)
2023-11-23 14:58:50,972 Epoch: [7][120/200]	Time 0.361s (0.352s)	Speed 88.7 samples/s	Data 0.000s (0.013s)	Loss 0.01257 (0.01407)
2023-11-23 14:58:54,522 Epoch: [7][130/200]	Time 0.337s (0.353s)	Speed 94.9 samples/s	Data 0.000s (0.012s)	Loss 0.01213 (0.01403)
2023-11-23 14:58:57,903 Epoch: [7][140/200]	Time 0.338s (0.352s)	Speed 94.7 samples/s	Data 0.000s (0.011s)	Loss 0.01633 (0.01398)
2023-11-23 14:59:01,322 Epoch: [7][150/200]	Time 0.335s (0.351s)	Speed 95.4 samples/s	Data 0.000s (0.010s)	Loss 0.01135 (0.01390)
2023-11-23 14:59:04,713 Epoch: [7][160/200]	Time 0.337s (0.350s)	Speed 95.1 samples/s	Data 0.000s (0.010s)	Loss 0.01544 (0.01385)
2023-11-23 14:59:08,107 Epoch: [7][170/200]	Time 0.339s (0.350s)	Speed 94.5 samples/s	Data 0.000s (0.009s)	Loss 0.01486 (0.01384)
2023-11-23 14:59:11,509 Epoch: [7][180/200]	Time 0.341s (0.349s)	Speed 93.9 samples/s	Data 0.000s (0.009s)	Loss 0.01285 (0.01383)
2023-11-23 14:59:14,919 Epoch: [7][190/200]	Time 0.348s (0.349s)	Speed 92.0 samples/s	Data 0.000s (0.008s)	Loss 0.01153 (0.01384)
2023-11-23 14:59:39,086 Test: [0/200]	Time 1.094 (1.094)	Loss 0.0658 (0.0658)
2023-11-23 14:59:39,303 Test: [10/200]	Time 0.018 (0.119)	Loss 0.0094 (0.0523)
2023-11-23 14:59:39,510 Test: [20/200]	Time 0.020 (0.072)	Loss 0.0390 (0.0563)
2023-11-23 14:59:39,714 Test: [30/200]	Time 0.017 (0.056)	Loss 0.0791 (0.0609)
2023-11-23 14:59:39,921 Test: [40/200]	Time 0.020 (0.047)	Loss 0.0477 (0.0613)
2023-11-23 14:59:40,130 Test: [50/200]	Time 0.022 (0.042)	Loss 0.1328 (0.0624)
2023-11-23 14:59:40,332 Test: [60/200]	Time 0.019 (0.038)	Loss 0.1124 (0.0649)
2023-11-23 14:59:40,536 Test: [70/200]	Time 0.018 (0.036)	Loss 0.0567 (0.0654)
2023-11-23 14:59:40,751 Test: [80/200]	Time 0.019 (0.034)	Loss 0.0673 (0.0642)
2023-11-23 14:59:40,957 Test: [90/200]	Time 0.019 (0.033)	Loss 0.0831 (0.0653)
2023-11-23 14:59:41,162 Test: [100/200]	Time 0.020 (0.031)	Loss 0.0950 (0.0648)
2023-11-23 14:59:41,362 Test: [110/200]	Time 0.019 (0.030)	Loss 0.1409 (0.0653)
2023-11-23 14:59:41,561 Test: [120/200]	Time 0.018 (0.029)	Loss 0.0746 (0.0641)
2023-11-23 14:59:41,769 Test: [130/200]	Time 0.019 (0.029)	Loss 0.0507 (0.0643)
2023-11-23 14:59:41,972 Test: [140/200]	Time 0.020 (0.028)	Loss 0.0586 (0.0635)
2023-11-23 14:59:42,171 Test: [150/200]	Time 0.019 (0.028)	Loss 0.0494 (0.0625)
2023-11-23 14:59:42,369 Test: [160/200]	Time 0.019 (0.027)	Loss 0.0706 (0.0624)
2023-11-23 14:59:42,572 Test: [170/200]	Time 0.020 (0.027)	Loss 0.0387 (0.0619)
2023-11-23 14:59:42,774 Test: [180/200]	Time 0.018 (0.026)	Loss 0.0503 (0.0615)
2023-11-23 14:59:42,972 Test: [190/200]	Time 0.019 (0.026)	Loss 0.0306 (0.0613)
2023-11-23 14:59:48,532 Mean IoU score: 0.854
2023-11-23 14:59:48,534 => saving checkpoint to out
2023-11-23 14:59:50,479 Epoch: [8][0/200]	Time 1.907s (1.907s)	Speed 16.8 samples/s	Data 1.520s (1.520s)	Loss 0.01275 (0.01275)
2023-11-23 14:59:53,854 Epoch: [8][10/200]	Time 0.336s (0.480s)	Speed 95.2 samples/s	Data 0.000s (0.139s)	Loss 0.01062 (0.01191)
2023-11-23 14:59:57,231 Epoch: [8][20/200]	Time 0.341s (0.412s)	Speed 93.8 samples/s	Data 0.000s (0.073s)	Loss 0.01207 (0.01231)
2023-11-23 15:00:00,617 Epoch: [8][30/200]	Time 0.335s (0.389s)	Speed 95.5 samples/s	Data 0.000s (0.049s)	Loss 0.01153 (0.01219)
2023-11-23 15:00:04,032 Epoch: [8][40/200]	Time 0.338s (0.377s)	Speed 94.6 samples/s	Data 0.000s (0.037s)	Loss 0.00957 (0.01205)
2023-11-23 15:00:07,410 Epoch: [8][50/200]	Time 0.334s (0.369s)	Speed 95.8 samples/s	Data 0.000s (0.030s)	Loss 0.01228 (0.01216)
2023-11-23 15:00:10,797 Epoch: [8][60/200]	Time 0.345s (0.364s)	Speed 92.8 samples/s	Data 0.000s (0.025s)	Loss 0.01341 (0.01207)
2023-11-23 15:00:14,172 Epoch: [8][70/200]	Time 0.341s (0.361s)	Speed 93.9 samples/s	Data 0.000s (0.022s)	Loss 0.01179 (0.01196)
2023-11-23 15:00:17,558 Epoch: [8][80/200]	Time 0.336s (0.358s)	Speed 95.4 samples/s	Data 0.000s (0.019s)	Loss 0.00903 (0.01190)
2023-11-23 15:00:20,948 Epoch: [8][90/200]	Time 0.345s (0.356s)	Speed 92.6 samples/s	Data 0.000s (0.017s)	Loss 0.01000 (0.01175)
2023-11-23 15:00:24,330 Epoch: [8][100/200]	Time 0.340s (0.354s)	Speed 94.2 samples/s	Data 0.000s (0.015s)	Loss 0.01231 (0.01181)
2023-11-23 15:00:27,717 Epoch: [8][110/200]	Time 0.339s (0.353s)	Speed 94.5 samples/s	Data 0.000s (0.014s)	Loss 0.01449 (0.01182)
2023-11-23 15:00:31,109 Epoch: [8][120/200]	Time 0.336s (0.352s)	Speed 95.2 samples/s	Data 0.000s (0.013s)	Loss 0.01151 (0.01189)
2023-11-23 15:00:34,477 Epoch: [8][130/200]	Time 0.336s (0.350s)	Speed 95.2 samples/s	Data 0.000s (0.012s)	Loss 0.01007 (0.01191)
2023-11-23 15:00:37,854 Epoch: [8][140/200]	Time 0.337s (0.350s)	Speed 95.0 samples/s	Data 0.000s (0.011s)	Loss 0.01401 (0.01194)
2023-11-23 15:00:41,234 Epoch: [8][150/200]	Time 0.337s (0.349s)	Speed 95.0 samples/s	Data 0.000s (0.010s)	Loss 0.01111 (0.01190)
2023-11-23 15:00:44,623 Epoch: [8][160/200]	Time 0.343s (0.348s)	Speed 93.2 samples/s	Data 0.000s (0.010s)	Loss 0.01175 (0.01190)
2023-11-23 15:00:48,033 Epoch: [8][170/200]	Time 0.338s (0.348s)	Speed 94.7 samples/s	Data 0.000s (0.009s)	Loss 0.01145 (0.01191)
2023-11-23 15:00:51,436 Epoch: [8][180/200]	Time 0.336s (0.347s)	Speed 95.1 samples/s	Data 0.000s (0.009s)	Loss 0.01294 (0.01191)
2023-11-23 15:00:54,823 Epoch: [8][190/200]	Time 0.339s (0.347s)	Speed 94.4 samples/s	Data 0.000s (0.008s)	Loss 0.01284 (0.01187)
2023-11-23 15:01:18,972 Test: [0/200]	Time 1.093 (1.093)	Loss 0.0813 (0.0813)
2023-11-23 15:01:19,161 Test: [10/200]	Time 0.018 (0.117)	Loss 0.0102 (0.0558)
2023-11-23 15:01:19,355 Test: [20/200]	Time 0.018 (0.070)	Loss 0.0335 (0.0570)
2023-11-23 15:01:19,549 Test: [30/200]	Time 0.017 (0.054)	Loss 0.0857 (0.0609)
2023-11-23 15:01:19,744 Test: [40/200]	Time 0.018 (0.045)	Loss 0.0520 (0.0620)
2023-11-23 15:01:19,935 Test: [50/200]	Time 0.018 (0.040)	Loss 0.1273 (0.0627)
2023-11-23 15:01:20,130 Test: [60/200]	Time 0.017 (0.037)	Loss 0.1129 (0.0661)
2023-11-23 15:01:20,319 Test: [70/200]	Time 0.018 (0.034)	Loss 0.0609 (0.0677)
2023-11-23 15:01:20,506 Test: [80/200]	Time 0.018 (0.032)	Loss 0.0677 (0.0659)
2023-11-23 15:01:20,702 Test: [90/200]	Time 0.021 (0.031)	Loss 0.0753 (0.0666)
2023-11-23 15:01:20,902 Test: [100/200]	Time 0.018 (0.030)	Loss 0.0983 (0.0661)
2023-11-23 15:01:21,091 Test: [110/200]	Time 0.018 (0.029)	Loss 0.1522 (0.0667)
2023-11-23 15:01:21,279 Test: [120/200]	Time 0.017 (0.028)	Loss 0.0797 (0.0656)
2023-11-23 15:01:21,465 Test: [130/200]	Time 0.017 (0.027)	Loss 0.0542 (0.0661)
2023-11-23 15:01:21,647 Test: [140/200]	Time 0.018 (0.027)	Loss 0.0670 (0.0659)
2023-11-23 15:01:21,839 Test: [150/200]	Time 0.017 (0.026)	Loss 0.0514 (0.0648)
2023-11-23 15:01:22,028 Test: [160/200]	Time 0.017 (0.026)	Loss 0.0771 (0.0648)
2023-11-23 15:01:22,214 Test: [170/200]	Time 0.017 (0.025)	Loss 0.0474 (0.0643)
2023-11-23 15:01:22,398 Test: [180/200]	Time 0.017 (0.025)	Loss 0.0463 (0.0638)
2023-11-23 15:01:22,583 Test: [190/200]	Time 0.017 (0.025)	Loss 0.0340 (0.0636)
2023-11-23 15:01:28,132 Mean IoU score: 0.847
2023-11-23 15:01:28,133 => saving checkpoint to out
2023-11-23 15:01:30,080 Epoch: [9][0/200]	Time 1.919s (1.919s)	Speed 16.7 samples/s	Data 1.535s (1.535s)	Loss 0.01122 (0.01122)
2023-11-23 15:01:33,462 Epoch: [9][10/200]	Time 0.337s (0.482s)	Speed 94.9 samples/s	Data 0.000s (0.140s)	Loss 0.01030 (0.01068)
2023-11-23 15:01:36,852 Epoch: [9][20/200]	Time 0.334s (0.414s)	Speed 95.7 samples/s	Data 0.000s (0.074s)	Loss 0.01645 (0.01104)
2023-11-23 15:01:40,222 Epoch: [9][30/200]	Time 0.337s (0.389s)	Speed 94.9 samples/s	Data 0.000s (0.050s)	Loss 0.00989 (0.01110)
2023-11-23 15:01:43,596 Epoch: [9][40/200]	Time 0.334s (0.376s)	Speed 95.8 samples/s	Data 0.000s (0.038s)	Loss 0.01092 (0.01116)
2023-11-23 15:01:46,963 Epoch: [9][50/200]	Time 0.339s (0.369s)	Speed 94.5 samples/s	Data 0.000s (0.031s)	Loss 0.00914 (0.01105)
2023-11-23 15:01:50,342 Epoch: [9][60/200]	Time 0.340s (0.364s)	Speed 94.1 samples/s	Data 0.000s (0.026s)	Loss 0.01134 (0.01089)
2023-11-23 15:01:53,746 Epoch: [9][70/200]	Time 0.339s (0.360s)	Speed 94.4 samples/s	Data 0.000s (0.022s)	Loss 0.01006 (0.01088)
2023-11-23 15:01:57,159 Epoch: [9][80/200]	Time 0.338s (0.358s)	Speed 94.8 samples/s	Data 0.000s (0.019s)	Loss 0.00815 (0.01092)
2023-11-23 15:02:00,608 Epoch: [9][90/200]	Time 0.362s (0.357s)	Speed 88.4 samples/s	Data 0.000s (0.017s)	Loss 0.01158 (0.01086)
2023-11-23 15:02:03,998 Epoch: [9][100/200]	Time 0.342s (0.355s)	Speed 93.6 samples/s	Data 0.000s (0.016s)	Loss 0.01545 (0.01092)
2023-11-23 15:02:07,438 Epoch: [9][110/200]	Time 0.346s (0.354s)	Speed 92.4 samples/s	Data 0.000s (0.014s)	Loss 0.01196 (0.01090)
2023-11-23 15:02:10,951 Epoch: [9][120/200]	Time 0.350s (0.354s)	Speed 91.4 samples/s	Data 0.000s (0.013s)	Loss 0.00990 (0.01084)
2023-11-23 15:02:14,387 Epoch: [9][130/200]	Time 0.338s (0.353s)	Speed 94.6 samples/s	Data 0.000s (0.012s)	Loss 0.00795 (0.01088)
2023-11-23 15:02:17,852 Epoch: [9][140/200]	Time 0.339s (0.352s)	Speed 94.4 samples/s	Data 0.000s (0.011s)	Loss 0.01123 (0.01088)
2023-11-23 15:02:21,258 Epoch: [9][150/200]	Time 0.342s (0.352s)	Speed 93.6 samples/s	Data 0.000s (0.011s)	Loss 0.00902 (0.01086)
2023-11-23 15:02:24,653 Epoch: [9][160/200]	Time 0.339s (0.351s)	Speed 94.4 samples/s	Data 0.000s (0.010s)	Loss 0.01103 (0.01083)
2023-11-23 15:02:28,047 Epoch: [9][170/200]	Time 0.338s (0.350s)	Speed 94.6 samples/s	Data 0.000s (0.009s)	Loss 0.01088 (0.01080)
2023-11-23 15:02:31,446 Epoch: [9][180/200]	Time 0.344s (0.350s)	Speed 93.0 samples/s	Data 0.000s (0.009s)	Loss 0.01070 (0.01080)
2023-11-23 15:02:34,840 Epoch: [9][190/200]	Time 0.341s (0.349s)	Speed 93.9 samples/s	Data 0.000s (0.008s)	Loss 0.00863 (0.01077)
2023-11-23 15:02:59,045 Test: [0/200]	Time 1.130 (1.130)	Loss 0.0694 (0.0694)
2023-11-23 15:02:59,240 Test: [10/200]	Time 0.018 (0.120)	Loss 0.0114 (0.0536)
2023-11-23 15:02:59,431 Test: [20/200]	Time 0.018 (0.072)	Loss 0.0406 (0.0580)
2023-11-23 15:02:59,632 Test: [30/200]	Time 0.019 (0.055)	Loss 0.0688 (0.0617)
2023-11-23 15:02:59,829 Test: [40/200]	Time 0.018 (0.047)	Loss 0.0503 (0.0626)
2023-11-23 15:03:00,021 Test: [50/200]	Time 0.018 (0.041)	Loss 0.1198 (0.0626)
2023-11-23 15:03:00,216 Test: [60/200]	Time 0.018 (0.038)	Loss 0.0783 (0.0642)
2023-11-23 15:03:00,412 Test: [70/200]	Time 0.018 (0.035)	Loss 0.0611 (0.0651)
2023-11-23 15:03:00,600 Test: [80/200]	Time 0.017 (0.033)	Loss 0.0699 (0.0640)
2023-11-23 15:03:00,790 Test: [90/200]	Time 0.024 (0.032)	Loss 0.0704 (0.0652)
2023-11-23 15:03:00,991 Test: [100/200]	Time 0.018 (0.030)	Loss 0.0900 (0.0646)
2023-11-23 15:03:01,177 Test: [110/200]	Time 0.018 (0.029)	Loss 0.1572 (0.0656)
2023-11-23 15:03:01,361 Test: [120/200]	Time 0.018 (0.028)	Loss 0.0746 (0.0646)
2023-11-23 15:03:01,552 Test: [130/200]	Time 0.020 (0.028)	Loss 0.0668 (0.0651)
2023-11-23 15:03:01,748 Test: [140/200]	Time 0.018 (0.027)	Loss 0.0961 (0.0647)
2023-11-23 15:03:01,932 Test: [150/200]	Time 0.017 (0.027)	Loss 0.0471 (0.0636)
2023-11-23 15:03:02,115 Test: [160/200]	Time 0.018 (0.026)	Loss 0.0970 (0.0638)
2023-11-23 15:03:02,296 Test: [170/200]	Time 0.017 (0.026)	Loss 0.0491 (0.0635)
2023-11-23 15:03:02,478 Test: [180/200]	Time 0.017 (0.025)	Loss 0.0393 (0.0629)
2023-11-23 15:03:02,656 Test: [190/200]	Time 0.016 (0.025)	Loss 0.0314 (0.0625)
2023-11-23 15:03:08,224 Mean IoU score: 0.851
2023-11-23 15:03:08,226 => saving checkpoint to out
2023-11-23 15:03:10,035 Epoch: [10][0/200]	Time 1.790s (1.790s)	Speed 17.9 samples/s	Data 1.428s (1.428s)	Loss 0.00844 (0.00844)
2023-11-23 15:03:13,413 Epoch: [10][10/200]	Time 0.332s (0.470s)	Speed 96.5 samples/s	Data 0.000s (0.130s)	Loss 0.00911 (0.00982)
2023-11-23 15:03:16,785 Epoch: [10][20/200]	Time 0.341s (0.407s)	Speed 93.9 samples/s	Data 0.000s (0.068s)	Loss 0.00990 (0.00946)
2023-11-23 15:03:20,148 Epoch: [10][30/200]	Time 0.340s (0.384s)	Speed 94.1 samples/s	Data 0.000s (0.046s)	Loss 0.01066 (0.00969)
2023-11-23 15:03:23,516 Epoch: [10][40/200]	Time 0.337s (0.372s)	Speed 94.9 samples/s	Data 0.000s (0.035s)	Loss 0.00853 (0.00992)
2023-11-23 15:03:26,877 Epoch: [10][50/200]	Time 0.338s (0.365s)	Speed 94.7 samples/s	Data 0.000s (0.028s)	Loss 0.01324 (0.00997)
2023-11-23 15:03:30,248 Epoch: [10][60/200]	Time 0.340s (0.361s)	Speed 94.0 samples/s	Data 0.000s (0.024s)	Loss 0.01375 (0.01004)
2023-11-23 15:03:33,618 Epoch: [10][70/200]	Time 0.336s (0.357s)	Speed 95.2 samples/s	Data 0.000s (0.021s)	Loss 0.00808 (0.01000)
2023-11-23 15:03:36,995 Epoch: [10][80/200]	Time 0.335s (0.355s)	Speed 95.4 samples/s	Data 0.000s (0.018s)	Loss 0.01088 (0.00996)
2023-11-23 15:03:40,377 Epoch: [10][90/200]	Time 0.340s (0.353s)	Speed 94.2 samples/s	Data 0.000s (0.016s)	Loss 0.00770 (0.00992)
2023-11-23 15:03:43,772 Epoch: [10][100/200]	Time 0.339s (0.352s)	Speed 94.3 samples/s	Data 0.000s (0.015s)	Loss 0.00877 (0.00995)
2023-11-23 15:03:47,153 Epoch: [10][110/200]	Time 0.343s (0.351s)	Speed 93.3 samples/s	Data 0.000s (0.013s)	Loss 0.00844 (0.00997)
2023-11-23 15:03:50,543 Epoch: [10][120/200]	Time 0.339s (0.350s)	Speed 94.4 samples/s	Data 0.000s (0.012s)	Loss 0.01073 (0.01007)
2023-11-23 15:03:53,929 Epoch: [10][130/200]	Time 0.339s (0.349s)	Speed 94.5 samples/s	Data 0.000s (0.011s)	Loss 0.01021 (0.01010)
2023-11-23 15:03:57,315 Epoch: [10][140/200]	Time 0.339s (0.348s)	Speed 94.4 samples/s	Data 0.000s (0.011s)	Loss 0.01002 (0.01013)
2023-11-23 15:04:00,700 Epoch: [10][150/200]	Time 0.337s (0.347s)	Speed 95.0 samples/s	Data 0.000s (0.010s)	Loss 0.00987 (0.01011)
2023-11-23 15:04:04,092 Epoch: [10][160/200]	Time 0.339s (0.347s)	Speed 94.4 samples/s	Data 0.000s (0.009s)	Loss 0.00900 (0.01011)
2023-11-23 15:04:07,479 Epoch: [10][170/200]	Time 0.340s (0.346s)	Speed 94.1 samples/s	Data 0.000s (0.009s)	Loss 0.01205 (0.01013)
2023-11-23 15:04:10,872 Epoch: [10][180/200]	Time 0.341s (0.346s)	Speed 93.7 samples/s	Data 0.000s (0.008s)	Loss 0.00843 (0.01007)
2023-11-23 15:04:14,267 Epoch: [10][190/200]	Time 0.338s (0.346s)	Speed 94.7 samples/s	Data 0.000s (0.008s)	Loss 0.00985 (0.01004)
2023-11-23 15:04:38,432 Test: [0/200]	Time 1.101 (1.101)	Loss 0.0781 (0.0781)
2023-11-23 15:04:38,622 Test: [10/200]	Time 0.018 (0.117)	Loss 0.0117 (0.0563)
2023-11-23 15:04:38,802 Test: [20/200]	Time 0.017 (0.070)	Loss 0.0485 (0.0642)
2023-11-23 15:04:38,982 Test: [30/200]	Time 0.017 (0.053)	Loss 0.0932 (0.0702)
2023-11-23 15:04:39,160 Test: [40/200]	Time 0.016 (0.045)	Loss 0.0525 (0.0700)
2023-11-23 15:04:39,339 Test: [50/200]	Time 0.017 (0.039)	Loss 0.1458 (0.0709)
2023-11-23 15:04:39,522 Test: [60/200]	Time 0.016 (0.036)	Loss 0.1095 (0.0749)
2023-11-23 15:04:39,709 Test: [70/200]	Time 0.018 (0.033)	Loss 0.0566 (0.0755)
2023-11-23 15:04:39,891 Test: [80/200]	Time 0.018 (0.032)	Loss 0.0789 (0.0743)
2023-11-23 15:04:40,072 Test: [90/200]	Time 0.018 (0.030)	Loss 0.0887 (0.0758)
2023-11-23 15:04:40,258 Test: [100/200]	Time 0.018 (0.029)	Loss 0.0866 (0.0753)
2023-11-23 15:04:40,444 Test: [110/200]	Time 0.017 (0.028)	Loss 0.2023 (0.0756)
2023-11-23 15:04:40,629 Test: [120/200]	Time 0.019 (0.027)	Loss 0.0790 (0.0746)
2023-11-23 15:04:40,821 Test: [130/200]	Time 0.020 (0.027)	Loss 0.0577 (0.0754)
2023-11-23 15:04:41,013 Test: [140/200]	Time 0.018 (0.026)	Loss 0.0801 (0.0748)
2023-11-23 15:04:41,197 Test: [150/200]	Time 0.018 (0.026)	Loss 0.0597 (0.0738)
2023-11-23 15:04:41,391 Test: [160/200]	Time 0.019 (0.025)	Loss 0.0977 (0.0739)
2023-11-23 15:04:41,574 Test: [170/200]	Time 0.018 (0.025)	Loss 0.0531 (0.0731)
2023-11-23 15:04:41,757 Test: [180/200]	Time 0.018 (0.024)	Loss 0.0505 (0.0726)
2023-11-23 15:04:41,950 Test: [190/200]	Time 0.018 (0.024)	Loss 0.0339 (0.0723)
2023-11-23 15:04:47,520 Mean IoU score: 0.836
2023-11-23 15:04:47,522 => saving checkpoint to out
2023-11-23 15:04:49,476 Epoch: [11][0/200]	Time 1.933s (1.933s)	Speed 16.6 samples/s	Data 1.578s (1.578s)	Loss 0.00784 (0.00784)
2023-11-23 15:04:52,842 Epoch: [11][10/200]	Time 0.334s (0.482s)	Speed 95.9 samples/s	Data 0.000s (0.144s)	Loss 0.00978 (0.00919)
2023-11-23 15:04:56,275 Epoch: [11][20/200]	Time 0.338s (0.416s)	Speed 94.7 samples/s	Data 0.000s (0.075s)	Loss 0.01146 (0.00932)
2023-11-23 15:04:59,616 Epoch: [11][30/200]	Time 0.340s (0.389s)	Speed 94.2 samples/s	Data 0.000s (0.051s)	Loss 0.00912 (0.00957)
2023-11-23 15:05:03,017 Epoch: [11][40/200]	Time 0.346s (0.377s)	Speed 92.5 samples/s	Data 0.000s (0.039s)	Loss 0.01247 (0.00977)
2023-11-23 15:05:06,397 Epoch: [11][50/200]	Time 0.336s (0.370s)	Speed 95.1 samples/s	Data 0.000s (0.031s)	Loss 0.00911 (0.00985)
2023-11-23 15:05:09,789 Epoch: [11][60/200]	Time 0.342s (0.365s)	Speed 93.5 samples/s	Data 0.000s (0.026s)	Loss 0.01144 (0.00995)
2023-11-23 15:05:13,181 Epoch: [11][70/200]	Time 0.334s (0.361s)	Speed 95.9 samples/s	Data 0.000s (0.023s)	Loss 0.01110 (0.00995)
2023-11-23 15:05:16,568 Epoch: [11][80/200]	Time 0.338s (0.358s)	Speed 94.6 samples/s	Data 0.000s (0.020s)	Loss 0.00998 (0.00999)
2023-11-23 15:05:19,968 Epoch: [11][90/200]	Time 0.339s (0.356s)	Speed 94.3 samples/s	Data 0.000s (0.018s)	Loss 0.01025 (0.01013)
2023-11-23 15:05:23,362 Epoch: [11][100/200]	Time 0.340s (0.355s)	Speed 94.1 samples/s	Data 0.000s (0.016s)	Loss 0.01280 (0.01047)
2023-11-23 15:05:26,744 Epoch: [11][110/200]	Time 0.339s (0.353s)	Speed 94.4 samples/s	Data 0.000s (0.015s)	Loss 0.02184 (0.01067)
2023-11-23 15:05:30,140 Epoch: [11][120/200]	Time 0.339s (0.352s)	Speed 94.3 samples/s	Data 0.000s (0.013s)	Loss 0.01501 (0.01093)
2023-11-23 15:05:33,539 Epoch: [11][130/200]	Time 0.337s (0.351s)	Speed 95.1 samples/s	Data 0.000s (0.012s)	Loss 0.01241 (0.01127)
2023-11-23 15:05:36,938 Epoch: [11][140/200]	Time 0.336s (0.350s)	Speed 95.1 samples/s	Data 0.000s (0.012s)	Loss 0.02373 (0.01191)
2023-11-23 15:05:40,337 Epoch: [11][150/200]	Time 0.338s (0.350s)	Speed 94.6 samples/s	Data 0.000s (0.011s)	Loss 0.01984 (0.01226)
2023-11-23 15:05:43,733 Epoch: [11][160/200]	Time 0.335s (0.349s)	Speed 95.5 samples/s	Data 0.000s (0.010s)	Loss 0.01865 (0.01271)
2023-11-23 15:05:47,131 Epoch: [11][170/200]	Time 0.338s (0.348s)	Speed 94.6 samples/s	Data 0.000s (0.010s)	Loss 0.02325 (0.01326)
2023-11-23 15:05:50,531 Epoch: [11][180/200]	Time 0.342s (0.348s)	Speed 93.5 samples/s	Data 0.000s (0.009s)	Loss 0.01514 (0.01362)
2023-11-23 15:05:53,927 Epoch: [11][190/200]	Time 0.339s (0.348s)	Speed 94.5 samples/s	Data 0.000s (0.009s)	Loss 0.02269 (0.01399)
2023-11-23 15:06:18,099 Test: [0/200]	Time 1.115 (1.115)	Loss 0.1041 (0.1041)
2023-11-23 15:06:18,299 Test: [10/200]	Time 0.018 (0.120)	Loss 0.0185 (0.0885)
2023-11-23 15:06:18,493 Test: [20/200]	Time 0.020 (0.072)	Loss 0.0731 (0.0971)
2023-11-23 15:06:18,698 Test: [30/200]	Time 0.019 (0.055)	Loss 0.1422 (0.1090)
2023-11-23 15:06:18,894 Test: [40/200]	Time 0.019 (0.047)	Loss 0.1226 (0.1156)
2023-11-23 15:06:19,087 Test: [50/200]	Time 0.018 (0.041)	Loss 0.1753 (0.1172)
2023-11-23 15:06:19,288 Test: [60/200]	Time 0.018 (0.038)	Loss 0.1629 (0.1210)
2023-11-23 15:06:19,488 Test: [70/200]	Time 0.018 (0.035)	Loss 0.1142 (0.1201)
2023-11-23 15:06:19,680 Test: [80/200]	Time 0.019 (0.033)	Loss 0.1395 (0.1183)
2023-11-23 15:06:19,873 Test: [90/200]	Time 0.020 (0.032)	Loss 0.1462 (0.1190)
2023-11-23 15:06:20,059 Test: [100/200]	Time 0.018 (0.030)	Loss 0.1933 (0.1183)
2023-11-23 15:06:20,252 Test: [110/200]	Time 0.018 (0.029)	Loss 0.1832 (0.1190)
2023-11-23 15:06:20,447 Test: [120/200]	Time 0.018 (0.029)	Loss 0.1368 (0.1174)
2023-11-23 15:06:20,636 Test: [130/200]	Time 0.018 (0.028)	Loss 0.1220 (0.1190)
2023-11-23 15:06:20,824 Test: [140/200]	Time 0.018 (0.027)	Loss 0.0911 (0.1170)
2023-11-23 15:06:21,025 Test: [150/200]	Time 0.018 (0.027)	Loss 0.1026 (0.1154)
2023-11-23 15:06:21,212 Test: [160/200]	Time 0.018 (0.026)	Loss 0.1053 (0.1148)
2023-11-23 15:06:21,403 Test: [170/200]	Time 0.017 (0.026)	Loss 0.1303 (0.1141)
2023-11-23 15:06:21,592 Test: [180/200]	Time 0.017 (0.025)	Loss 0.1239 (0.1131)
2023-11-23 15:06:21,778 Test: [190/200]	Time 0.018 (0.025)	Loss 0.0676 (0.1125)
2023-11-23 15:06:27,346 Mean IoU score: 0.738
2023-11-23 15:06:27,347 => saving checkpoint to out
2023-11-23 15:06:29,266 Epoch: [12][0/200]	Time 1.891s (1.891s)	Speed 16.9 samples/s	Data 1.516s (1.516s)	Loss 0.02495 (0.02495)
2023-11-23 15:06:32,637 Epoch: [12][10/200]	Time 0.335s (0.478s)	Speed 95.5 samples/s	Data 0.000s (0.138s)	Loss 0.01758 (0.02073)
2023-11-23 15:06:36,000 Epoch: [12][20/200]	Time 0.333s (0.411s)	Speed 96.0 samples/s	Data 0.000s (0.073s)	Loss 0.01855 (0.01883)
2023-11-23 15:06:39,356 Epoch: [12][30/200]	Time 0.340s (0.386s)	Speed 94.1 samples/s	Data 0.000s (0.049s)	Loss 0.02183 (0.01829)
2023-11-23 15:06:42,740 Epoch: [12][40/200]	Time 0.336s (0.375s)	Speed 95.2 samples/s	Data 0.000s (0.037s)	Loss 0.01621 (0.01791)
2023-11-23 15:06:46,300 Epoch: [12][50/200]	Time 0.335s (0.371s)	Speed 95.5 samples/s	Data 0.000s (0.030s)	Loss 0.01189 (0.01713)
2023-11-23 15:06:49,676 Epoch: [12][60/200]	Time 0.339s (0.366s)	Speed 94.5 samples/s	Data 0.000s (0.025s)	Loss 0.01149 (0.01699)
2023-11-23 15:13:49,376 Epoch: [12][70/200]	Time 0.337s (6.225s)	Speed 94.9 samples/s	Data 0.000s (0.022s)	Loss 0.01850 (0.01690)
2023-11-23 15:13:52,753 Epoch: [12][80/200]	Time 0.341s (5.498s)	Speed 94.0 samples/s	Data 0.000s (0.019s)	Loss 0.01538 (0.01694)
2023-11-23 15:16:43,111 Epoch: [12][90/200]	Time 0.377s (6.766s)	Speed 85.0 samples/s	Data 0.000s (0.017s)	Loss 0.01051 (0.01672)
2023-11-23 15:16:46,529 Epoch: [12][100/200]	Time 0.347s (6.130s)	Speed 92.2 samples/s	Data 0.000s (0.015s)	Loss 0.01453 (0.01658)
2023-11-23 15:16:49,909 Epoch: [12][110/200]	Time 0.341s (5.608s)	Speed 93.9 samples/s	Data 0.000s (0.014s)	Loss 0.01049 (0.01650)
2023-11-23 15:19:00,176 Epoch: [12][120/200]	Time 0.353s (6.221s)	Speed 90.7 samples/s	Data 0.000s (0.013s)	Loss 0.01943 (0.01633)
2023-11-23 15:19:03,600 Epoch: [12][130/200]	Time 0.340s (5.773s)	Speed 94.0 samples/s	Data 0.000s (0.012s)	Loss 0.01420 (0.01618)
2023-11-23 15:19:07,149 Epoch: [12][140/200]	Time 0.345s (5.388s)	Speed 92.8 samples/s	Data 0.000s (0.011s)	Loss 0.01466 (0.01611)
2023-11-23 15:19:10,731 Epoch: [12][150/200]	Time 0.347s (5.055s)	Speed 92.2 samples/s	Data 0.000s (0.010s)	Loss 0.01255 (0.01600)
2023-11-23 15:19:14,092 Epoch: [12][160/200]	Time 0.335s (4.762s)	Speed 95.4 samples/s	Data 0.000s (0.010s)	Loss 0.01473 (0.01583)
2023-11-23 15:19:17,471 Epoch: [12][170/200]	Time 0.344s (4.503s)	Speed 93.1 samples/s	Data 0.000s (0.009s)	Loss 0.01169 (0.01580)
2023-11-23 15:19:20,852 Epoch: [12][180/200]	Time 0.336s (4.273s)	Speed 95.4 samples/s	Data 0.000s (0.009s)	Loss 0.00996 (0.01563)
2023-11-23 15:19:24,236 Epoch: [12][190/200]	Time 0.336s (4.067s)	Speed 95.2 samples/s	Data 0.000s (0.008s)	Loss 0.01040 (0.01548)
2023-11-23 15:26:21,012 Test: [0/200]	Time 1.132 (1.132)	Loss 0.1078 (0.1078)
2023-11-23 15:26:21,215 Test: [10/200]	Time 0.024 (0.121)	Loss 0.0344 (0.0860)
2023-11-23 15:28:01,499 Test: [20/200]	Time 0.025 (4.839)	Loss 0.1127 (0.0995)
2023-11-23 15:28:01,731 Test: [30/200]	Time 0.021 (3.286)	Loss 0.1185 (0.1124)
2023-11-23 15:28:01,972 Test: [40/200]	Time 0.022 (2.490)	Loss 0.1026 (0.1165)
2023-11-23 15:28:02,213 Test: [50/200]	Time 0.022 (2.007)	Loss 0.2117 (0.1207)
2023-11-23 15:28:02,452 Test: [60/200]	Time 0.023 (1.682)	Loss 0.1698 (0.1244)
2023-11-23 15:28:02,671 Test: [70/200]	Time 0.020 (1.448)	Loss 0.1094 (0.1245)
2023-11-23 15:28:02,875 Test: [80/200]	Time 0.020 (1.272)	Loss 0.1308 (0.1214)
2023-11-23 15:28:03,249 Test: [90/200]	Time 0.029 (1.136)	Loss 0.1821 (0.1232)
2023-11-23 15:28:03,472 Test: [100/200]	Time 0.020 (1.026)	Loss 0.1437 (0.1215)
2023-11-23 15:28:03,702 Test: [110/200]	Time 0.020 (0.935)	Loss 0.1768 (0.1225)
2023-11-23 15:28:03,903 Test: [120/200]	Time 0.019 (0.860)	Loss 0.1139 (0.1201)
2023-11-23 15:28:04,105 Test: [130/200]	Time 0.020 (0.796)	Loss 0.1046 (0.1200)
2023-11-23 15:28:04,332 Test: [140/200]	Time 0.020 (0.741)	Loss 0.1132 (0.1183)
2023-11-23 15:28:04,568 Test: [150/200]	Time 0.020 (0.693)	Loss 0.0705 (0.1162)
2023-11-23 15:28:04,778 Test: [160/200]	Time 0.025 (0.652)	Loss 0.1244 (0.1159)
2023-11-23 15:28:05,003 Test: [170/200]	Time 0.023 (0.615)	Loss 0.1157 (0.1144)
2023-11-23 15:28:05,259 Test: [180/200]	Time 0.024 (0.582)	Loss 0.0686 (0.1137)
2023-11-23 15:28:05,484 Test: [190/200]	Time 0.021 (0.553)	Loss 0.0464 (0.1132)
2023-11-23 15:28:11,064 Mean IoU score: 0.747
2023-11-23 15:28:11,066 => saving checkpoint to out
2023-11-23 15:28:13,088 Epoch: [13][0/200]	Time 2.006s (2.006s)	Speed 16.0 samples/s	Data 1.581s (1.581s)	Loss 0.00903 (0.00903)
2023-11-23 15:28:16,556 Epoch: [13][10/200]	Time 0.346s (0.498s)	Speed 92.5 samples/s	Data 0.001s (0.144s)	Loss 0.01017 (0.01245)
2023-11-23 15:28:20,038 Epoch: [13][20/200]	Time 0.399s (0.426s)	Speed 80.2 samples/s	Data 0.000s (0.076s)	Loss 0.00833 (0.01183)
2023-11-23 15:28:23,563 Epoch: [13][30/200]	Time 0.336s (0.403s)	Speed 95.3 samples/s	Data 0.000s (0.051s)	Loss 0.01126 (0.01192)
2023-11-23 15:28:26,958 Epoch: [13][40/200]	Time 0.338s (0.387s)	Speed 94.5 samples/s	Data 0.000s (0.039s)	Loss 0.01211 (0.01180)
2023-11-23 15:28:30,383 Epoch: [13][50/200]	Time 0.337s (0.378s)	Speed 95.0 samples/s	Data 0.000s (0.031s)	Loss 0.01164 (0.01156)
2023-11-23 15:28:33,777 Epoch: [13][60/200]	Time 0.339s (0.372s)	Speed 94.5 samples/s	Data 0.000s (0.026s)	Loss 0.01312 (0.01151)
2023-11-23 15:28:37,208 Epoch: [13][70/200]	Time 0.337s (0.368s)	Speed 95.0 samples/s	Data 0.000s (0.023s)	Loss 0.01218 (0.01133)
2023-11-23 15:28:40,604 Epoch: [13][80/200]	Time 0.337s (0.364s)	Speed 95.1 samples/s	Data 0.000s (0.020s)	Loss 0.01259 (0.01132)
2023-11-23 15:28:44,008 Epoch: [13][90/200]	Time 0.339s (0.362s)	Speed 94.3 samples/s	Data 0.000s (0.018s)	Loss 0.01359 (0.01136)
2023-11-23 15:28:47,422 Epoch: [13][100/200]	Time 0.338s (0.360s)	Speed 94.8 samples/s	Data 0.000s (0.016s)	Loss 0.00772 (0.01135)
2023-11-23 15:28:50,833 Epoch: [13][110/200]	Time 0.347s (0.358s)	Speed 92.3 samples/s	Data 0.000s (0.015s)	Loss 0.01149 (0.01139)
2023-11-23 15:28:54,227 Epoch: [13][120/200]	Time 0.338s (0.357s)	Speed 94.6 samples/s	Data 0.000s (0.013s)	Loss 0.01041 (0.01133)
2023-11-23 15:28:57,604 Epoch: [13][130/200]	Time 0.341s (0.355s)	Speed 93.9 samples/s	Data 0.000s (0.012s)	Loss 0.01276 (0.01128)
2023-11-23 15:29:01,000 Epoch: [13][140/200]	Time 0.340s (0.354s)	Speed 94.2 samples/s	Data 0.000s (0.012s)	Loss 0.01184 (0.01124)
2023-11-23 15:29:04,475 Epoch: [13][150/200]	Time 0.384s (0.354s)	Speed 83.4 samples/s	Data 0.000s (0.011s)	Loss 0.01176 (0.01117)
2023-11-23 15:29:07,857 Epoch: [13][160/200]	Time 0.342s (0.353s)	Speed 93.5 samples/s	Data 0.000s (0.010s)	Loss 0.01126 (0.01112)
2023-11-23 15:29:11,260 Epoch: [13][170/200]	Time 0.338s (0.352s)	Speed 94.7 samples/s	Data 0.000s (0.010s)	Loss 0.01277 (0.01112)
2023-11-23 15:29:14,670 Epoch: [13][180/200]	Time 0.334s (0.351s)	Speed 95.9 samples/s	Data 0.000s (0.009s)	Loss 0.01224 (0.01107)
2023-11-23 15:29:18,076 Epoch: [13][190/200]	Time 0.339s (0.351s)	Speed 94.4 samples/s	Data 0.000s (0.009s)	Loss 0.00943 (0.01103)
2023-11-23 15:29:42,274 Test: [0/200]	Time 1.110 (1.110)	Loss 0.0512 (0.0512)
2023-11-23 15:29:42,508 Test: [10/200]	Time 0.024 (0.122)	Loss 0.0195 (0.0474)
2023-11-23 15:29:42,737 Test: [20/200]	Time 0.022 (0.075)	Loss 0.0391 (0.0488)
2023-11-23 15:29:42,964 Test: [30/200]	Time 0.022 (0.058)	Loss 0.0629 (0.0546)
2023-11-23 15:29:43,191 Test: [40/200]	Time 0.022 (0.049)	Loss 0.0482 (0.0555)
2023-11-23 15:29:43,422 Test: [50/200]	Time 0.022 (0.044)	Loss 0.1043 (0.0559)
2023-11-23 15:29:43,648 Test: [60/200]	Time 0.022 (0.041)	Loss 0.0818 (0.0597)
2023-11-23 15:29:43,872 Test: [70/200]	Time 0.019 (0.038)	Loss 0.0515 (0.0608)
2023-11-23 15:29:44,101 Test: [80/200]	Time 0.021 (0.036)	Loss 0.0560 (0.0592)
2023-11-23 15:29:44,323 Test: [90/200]	Time 0.021 (0.035)	Loss 0.0579 (0.0600)
2023-11-23 15:29:44,551 Test: [100/200]	Time 0.020 (0.034)	Loss 0.0692 (0.0592)
2023-11-23 15:29:44,776 Test: [110/200]	Time 0.022 (0.033)	Loss 0.1498 (0.0600)
2023-11-23 15:29:45,000 Test: [120/200]	Time 0.020 (0.032)	Loss 0.0619 (0.0588)
2023-11-23 15:29:45,219 Test: [130/200]	Time 0.021 (0.031)	Loss 0.0510 (0.0591)
2023-11-23 15:29:45,442 Test: [140/200]	Time 0.021 (0.030)	Loss 0.0758 (0.0587)
2023-11-23 15:29:45,662 Test: [150/200]	Time 0.021 (0.030)	Loss 0.0479 (0.0578)
2023-11-23 15:29:45,886 Test: [160/200]	Time 0.022 (0.029)	Loss 0.0689 (0.0576)
2023-11-23 15:29:46,101 Test: [170/200]	Time 0.021 (0.029)	Loss 0.0438 (0.0572)
2023-11-23 15:29:46,313 Test: [180/200]	Time 0.019 (0.028)	Loss 0.0425 (0.0570)
2023-11-23 15:29:46,528 Test: [190/200]	Time 0.021 (0.028)	Loss 0.0279 (0.0568)
2023-11-23 15:29:52,104 Mean IoU score: 0.861
2023-11-23 15:29:52,106 => saving checkpoint to out
2023-11-23 15:29:54,029 Epoch: [14][0/200]	Time 1.887s (1.887s)	Speed 17.0 samples/s	Data 1.515s (1.515s)	Loss 0.00849 (0.00849)
2023-11-23 15:29:57,414 Epoch: [14][10/200]	Time 0.339s (0.479s)	Speed 94.4 samples/s	Data 0.000s (0.138s)	Loss 0.00819 (0.00917)
2023-11-23 15:30:00,816 Epoch: [14][20/200]	Time 0.339s (0.413s)	Speed 94.5 samples/s	Data 0.000s (0.073s)	Loss 0.00929 (0.00930)
2023-11-23 15:30:04,230 Epoch: [14][30/200]	Time 0.342s (0.390s)	Speed 93.7 samples/s	Data 0.000s (0.049s)	Loss 0.00904 (0.00906)
2023-11-23 15:30:07,643 Epoch: [14][40/200]	Time 0.337s (0.378s)	Speed 94.9 samples/s	Data 0.000s (0.037s)	Loss 0.00821 (0.00931)
2023-11-23 15:30:11,056 Epoch: [14][50/200]	Time 0.341s (0.371s)	Speed 93.8 samples/s	Data 0.000s (0.030s)	Loss 0.01086 (0.00941)
2023-11-23 15:30:14,464 Epoch: [14][60/200]	Time 0.341s (0.366s)	Speed 93.8 samples/s	Data 0.000s (0.025s)	Loss 0.00820 (0.00934)
2023-11-23 15:30:17,860 Epoch: [14][70/200]	Time 0.340s (0.362s)	Speed 94.1 samples/s	Data 0.000s (0.022s)	Loss 0.00837 (0.00938)
2023-11-23 15:30:21,313 Epoch: [14][80/200]	Time 0.351s (0.360s)	Speed 91.2 samples/s	Data 0.000s (0.019s)	Loss 0.01050 (0.00929)
2023-11-23 15:30:24,741 Epoch: [14][90/200]	Time 0.340s (0.358s)	Speed 94.1 samples/s	Data 0.000s (0.017s)	Loss 0.01023 (0.00936)
2023-11-23 15:30:28,158 Epoch: [14][100/200]	Time 0.342s (0.357s)	Speed 93.5 samples/s	Data 0.000s (0.015s)	Loss 0.01124 (0.00937)
2023-11-23 15:30:31,597 Epoch: [14][110/200]	Time 0.341s (0.355s)	Speed 93.8 samples/s	Data 0.000s (0.014s)	Loss 0.00747 (0.00940)
2023-11-23 15:30:35,040 Epoch: [14][120/200]	Time 0.339s (0.355s)	Speed 94.4 samples/s	Data 0.000s (0.013s)	Loss 0.00903 (0.00938)
2023-11-23 15:30:38,551 Epoch: [14][130/200]	Time 0.346s (0.354s)	Speed 92.4 samples/s	Data 0.000s (0.012s)	Loss 0.00828 (0.00934)
2023-11-23 15:30:42,018 Epoch: [14][140/200]	Time 0.354s (0.354s)	Speed 90.3 samples/s	Data 0.000s (0.011s)	Loss 0.00766 (0.00933)
2023-11-23 15:30:45,476 Epoch: [14][150/200]	Time 0.340s (0.353s)	Speed 94.1 samples/s	Data 0.000s (0.010s)	Loss 0.00854 (0.00930)
2023-11-23 15:30:48,884 Epoch: [14][160/200]	Time 0.339s (0.352s)	Speed 94.5 samples/s	Data 0.000s (0.010s)	Loss 0.00721 (0.00930)
2023-11-23 15:30:52,318 Epoch: [14][170/200]	Time 0.365s (0.352s)	Speed 87.6 samples/s	Data 0.000s (0.009s)	Loss 0.00983 (0.00929)
2023-11-23 15:30:55,760 Epoch: [14][180/200]	Time 0.342s (0.351s)	Speed 93.6 samples/s	Data 0.000s (0.009s)	Loss 0.00942 (0.00924)
2023-11-23 15:30:59,171 Epoch: [14][190/200]	Time 0.337s (0.351s)	Speed 95.0 samples/s	Data 0.000s (0.008s)	Loss 0.00946 (0.00924)
2023-11-23 15:31:23,333 Test: [0/200]	Time 1.096 (1.096)	Loss 0.0538 (0.0538)
2023-11-23 15:31:23,539 Test: [10/200]	Time 0.019 (0.118)	Loss 0.0121 (0.0475)
2023-11-23 15:31:23,749 Test: [20/200]	Time 0.019 (0.072)	Loss 0.0377 (0.0486)
2023-11-23 15:31:23,959 Test: [30/200]	Time 0.020 (0.056)	Loss 0.0589 (0.0553)
2023-11-23 15:31:24,166 Test: [40/200]	Time 0.019 (0.047)	Loss 0.0549 (0.0565)
2023-11-23 15:31:24,378 Test: [50/200]	Time 0.020 (0.042)	Loss 0.1183 (0.0576)
2023-11-23 15:31:24,596 Test: [60/200]	Time 0.020 (0.039)	Loss 0.1067 (0.0608)
2023-11-23 15:31:24,818 Test: [70/200]	Time 0.022 (0.036)	Loss 0.0509 (0.0622)
2023-11-23 15:31:25,040 Test: [80/200]	Time 0.021 (0.035)	Loss 0.0668 (0.0609)
2023-11-23 15:31:25,262 Test: [90/200]	Time 0.020 (0.033)	Loss 0.0661 (0.0614)
2023-11-23 15:31:25,478 Test: [100/200]	Time 0.021 (0.032)	Loss 0.0735 (0.0606)
2023-11-23 15:31:25,694 Test: [110/200]	Time 0.021 (0.031)	Loss 0.1509 (0.0609)
2023-11-23 15:31:25,915 Test: [120/200]	Time 0.022 (0.030)	Loss 0.0639 (0.0597)
2023-11-23 15:31:26,137 Test: [130/200]	Time 0.022 (0.030)	Loss 0.0438 (0.0597)
2023-11-23 15:31:26,375 Test: [140/200]	Time 0.023 (0.029)	Loss 0.0509 (0.0591)
2023-11-23 15:31:26,593 Test: [150/200]	Time 0.019 (0.029)	Loss 0.0397 (0.0580)
2023-11-23 15:31:26,812 Test: [160/200]	Time 0.021 (0.028)	Loss 0.0677 (0.0579)
2023-11-23 15:31:27,031 Test: [170/200]	Time 0.021 (0.028)	Loss 0.0332 (0.0574)
2023-11-23 15:31:27,250 Test: [180/200]	Time 0.022 (0.028)	Loss 0.0339 (0.0573)
2023-11-23 15:31:27,469 Test: [190/200]	Time 0.020 (0.027)	Loss 0.0281 (0.0571)
2023-11-23 15:31:33,059 Mean IoU score: 0.862
2023-11-23 15:31:33,060 => saving checkpoint to out
2023-11-23 15:31:34,929 Epoch: [15][0/200]	Time 1.831s (1.831s)	Speed 17.5 samples/s	Data 1.463s (1.463s)	Loss 0.00719 (0.00719)
2023-11-23 15:31:38,299 Epoch: [15][10/200]	Time 0.334s (0.473s)	Speed 95.8 samples/s	Data 0.000s (0.133s)	Loss 0.00969 (0.00846)
2023-11-23 15:31:41,694 Epoch: [15][20/200]	Time 0.342s (0.409s)	Speed 93.5 samples/s	Data 0.000s (0.070s)	Loss 0.00782 (0.00828)
2023-11-23 15:31:45,128 Epoch: [15][30/200]	Time 0.340s (0.388s)	Speed 94.1 samples/s	Data 0.000s (0.048s)	Loss 0.00822 (0.00839)
2023-11-23 15:31:48,564 Epoch: [15][40/200]	Time 0.339s (0.377s)	Speed 94.3 samples/s	Data 0.000s (0.036s)	Loss 0.00923 (0.00827)
2023-11-23 15:31:51,967 Epoch: [15][50/200]	Time 0.342s (0.370s)	Speed 93.7 samples/s	Data 0.000s (0.029s)	Loss 0.00991 (0.00828)
2023-11-23 15:31:55,375 Epoch: [15][60/200]	Time 0.338s (0.365s)	Speed 94.8 samples/s	Data 0.000s (0.024s)	Loss 0.00837 (0.00839)
2023-11-23 15:31:58,785 Epoch: [15][70/200]	Time 0.343s (0.362s)	Speed 93.4 samples/s	Data 0.000s (0.021s)	Loss 0.00683 (0.00841)
2023-11-23 15:32:02,210 Epoch: [15][80/200]	Time 0.351s (0.359s)	Speed 91.2 samples/s	Data 0.000s (0.018s)	Loss 0.00834 (0.00836)
2023-11-23 15:32:05,650 Epoch: [15][90/200]	Time 0.338s (0.358s)	Speed 94.7 samples/s	Data 0.000s (0.016s)	Loss 0.00800 (0.00842)
2023-11-23 15:32:09,045 Epoch: [15][100/200]	Time 0.344s (0.356s)	Speed 92.9 samples/s	Data 0.000s (0.015s)	Loss 0.01056 (0.00846)
2023-11-23 15:32:12,456 Epoch: [15][110/200]	Time 0.339s (0.355s)	Speed 94.5 samples/s	Data 0.000s (0.014s)	Loss 0.00647 (0.00846)
2023-11-23 15:32:15,863 Epoch: [15][120/200]	Time 0.335s (0.353s)	Speed 95.4 samples/s	Data 0.000s (0.013s)	Loss 0.00954 (0.00847)
2023-11-23 15:32:19,315 Epoch: [15][130/200]	Time 0.351s (0.353s)	Speed 91.2 samples/s	Data 0.000s (0.012s)	Loss 0.00757 (0.00844)
2023-11-23 15:32:22,828 Epoch: [15][140/200]	Time 0.345s (0.353s)	Speed 92.7 samples/s	Data 0.000s (0.011s)	Loss 0.01207 (0.00846)
2023-11-23 15:32:26,274 Epoch: [15][150/200]	Time 0.340s (0.352s)	Speed 94.0 samples/s	Data 0.000s (0.010s)	Loss 0.01178 (0.00851)
2023-11-23 15:32:29,845 Epoch: [15][160/200]	Time 0.342s (0.352s)	Speed 93.6 samples/s	Data 0.001s (0.010s)	Loss 0.00852 (0.00851)
2023-11-23 15:32:33,378 Epoch: [15][170/200]	Time 0.344s (0.353s)	Speed 93.0 samples/s	Data 0.000s (0.009s)	Loss 0.00546 (0.00848)
2023-11-23 15:32:36,880 Epoch: [15][180/200]	Time 0.342s (0.352s)	Speed 93.5 samples/s	Data 0.000s (0.009s)	Loss 0.00701 (0.00844)
2023-11-23 15:32:40,398 Epoch: [15][190/200]	Time 0.340s (0.352s)	Speed 94.2 samples/s	Data 0.000s (0.008s)	Loss 0.00656 (0.00840)
2023-11-23 15:33:04,673 Test: [0/200]	Time 1.066 (1.066)	Loss 0.0550 (0.0550)
2023-11-23 15:33:04,892 Test: [10/200]	Time 0.022 (0.117)	Loss 0.0118 (0.0491)
2023-11-23 15:33:05,113 Test: [20/200]	Time 0.020 (0.072)	Loss 0.0329 (0.0499)
2023-11-23 15:33:05,326 Test: [30/200]	Time 0.020 (0.055)	Loss 0.0584 (0.0547)
2023-11-23 15:33:05,548 Test: [40/200]	Time 0.020 (0.047)	Loss 0.0551 (0.0566)
2023-11-23 15:33:05,766 Test: [50/200]	Time 0.020 (0.042)	Loss 0.1045 (0.0568)
2023-11-23 15:33:05,985 Test: [60/200]	Time 0.019 (0.039)	Loss 0.0885 (0.0594)
2023-11-23 15:33:06,205 Test: [70/200]	Time 0.021 (0.037)	Loss 0.0474 (0.0607)
2023-11-23 15:33:06,426 Test: [80/200]	Time 0.021 (0.035)	Loss 0.0642 (0.0593)
2023-11-23 15:33:06,643 Test: [90/200]	Time 0.019 (0.033)	Loss 0.0558 (0.0604)
2023-11-23 15:33:06,893 Test: [100/200]	Time 0.026 (0.033)	Loss 0.0677 (0.0594)
2023-11-23 15:33:07,108 Test: [110/200]	Time 0.021 (0.032)	Loss 0.1495 (0.0596)
2023-11-23 15:33:07,336 Test: [120/200]	Time 0.020 (0.031)	Loss 0.0599 (0.0585)
2023-11-23 15:33:07,551 Test: [130/200]	Time 0.019 (0.030)	Loss 0.0534 (0.0586)
2023-11-23 15:33:07,769 Test: [140/200]	Time 0.020 (0.030)	Loss 0.0657 (0.0580)
2023-11-23 15:33:07,983 Test: [150/200]	Time 0.020 (0.029)	Loss 0.0373 (0.0571)
2023-11-23 15:33:08,197 Test: [160/200]	Time 0.021 (0.029)	Loss 0.0678 (0.0569)
2023-11-23 15:33:08,407 Test: [170/200]	Time 0.019 (0.028)	Loss 0.0378 (0.0565)
2023-11-23 15:33:08,623 Test: [180/200]	Time 0.021 (0.028)	Loss 0.0405 (0.0563)
2023-11-23 15:33:08,835 Test: [190/200]	Time 0.019 (0.027)	Loss 0.0291 (0.0559)
2023-11-23 15:33:14,406 Mean IoU score: 0.867
2023-11-23 15:33:14,408 => saving checkpoint to out
2023-11-23 15:33:16,320 Epoch: [16][0/200]	Time 1.878s (1.878s)	Speed 17.0 samples/s	Data 1.514s (1.514s)	Loss 0.00659 (0.00659)
2023-11-23 15:33:19,746 Epoch: [16][10/200]	Time 0.347s (0.482s)	Speed 92.3 samples/s	Data 0.000s (0.138s)	Loss 0.00696 (0.00749)
2023-11-23 15:33:23,178 Epoch: [16][20/200]	Time 0.343s (0.416s)	Speed 93.3 samples/s	Data 0.000s (0.073s)	Loss 0.00836 (0.00792)
2023-11-23 15:33:26,685 Epoch: [16][30/200]	Time 0.353s (0.395s)	Speed 90.7 samples/s	Data 0.000s (0.049s)	Loss 0.00811 (0.00777)
2023-11-23 15:33:30,120 Epoch: [16][40/200]	Time 0.336s (0.382s)	Speed 95.3 samples/s	Data 0.000s (0.037s)	Loss 0.00782 (0.00770)
2023-11-23 15:33:33,502 Epoch: [16][50/200]	Time 0.340s (0.374s)	Speed 94.2 samples/s	Data 0.000s (0.030s)	Loss 0.00848 (0.00767)
2023-11-23 15:33:36,906 Epoch: [16][60/200]	Time 0.341s (0.368s)	Speed 93.8 samples/s	Data 0.000s (0.025s)	Loss 0.00890 (0.00773)
2023-11-23 15:33:40,305 Epoch: [16][70/200]	Time 0.336s (0.364s)	Speed 95.2 samples/s	Data 0.000s (0.022s)	Loss 0.00731 (0.00774)
2023-11-23 15:33:43,712 Epoch: [16][80/200]	Time 0.341s (0.361s)	Speed 93.8 samples/s	Data 0.000s (0.019s)	Loss 0.00518 (0.00766)
2023-11-23 15:33:47,103 Epoch: [16][90/200]	Time 0.339s (0.359s)	Speed 94.5 samples/s	Data 0.000s (0.017s)	Loss 0.00820 (0.00776)
2023-11-23 15:33:50,494 Epoch: [16][100/200]	Time 0.338s (0.357s)	Speed 94.6 samples/s	Data 0.000s (0.015s)	Loss 0.00875 (0.00780)
2023-11-23 15:33:53,892 Epoch: [16][110/200]	Time 0.342s (0.355s)	Speed 93.6 samples/s	Data 0.000s (0.014s)	Loss 0.00751 (0.00777)
2023-11-23 15:33:57,297 Epoch: [16][120/200]	Time 0.337s (0.354s)	Speed 95.1 samples/s	Data 0.000s (0.013s)	Loss 0.00975 (0.00782)
2023-11-23 15:34:00,697 Epoch: [16][130/200]	Time 0.342s (0.353s)	Speed 93.6 samples/s	Data 0.000s (0.012s)	Loss 0.00672 (0.00777)
2023-11-23 15:34:04,107 Epoch: [16][140/200]	Time 0.343s (0.352s)	Speed 93.2 samples/s	Data 0.000s (0.011s)	Loss 0.00841 (0.00777)
2023-11-23 15:34:07,538 Epoch: [16][150/200]	Time 0.347s (0.352s)	Speed 92.2 samples/s	Data 0.000s (0.010s)	Loss 0.00847 (0.00777)
2023-11-23 15:34:10,982 Epoch: [16][160/200]	Time 0.342s (0.351s)	Speed 93.6 samples/s	Data 0.000s (0.010s)	Loss 0.00763 (0.00776)
2023-11-23 15:34:14,405 Epoch: [16][170/200]	Time 0.343s (0.351s)	Speed 93.2 samples/s	Data 0.000s (0.009s)	Loss 0.00975 (0.00779)
2023-11-23 15:34:17,818 Epoch: [16][180/200]	Time 0.342s (0.350s)	Speed 93.6 samples/s	Data 0.000s (0.009s)	Loss 0.00716 (0.00776)
2023-11-23 15:34:21,245 Epoch: [16][190/200]	Time 0.343s (0.350s)	Speed 93.2 samples/s	Data 0.000s (0.008s)	Loss 0.00746 (0.00776)
2023-11-23 15:34:45,426 Test: [0/200]	Time 1.096 (1.096)	Loss 0.0591 (0.0591)
2023-11-23 15:34:45,660 Test: [10/200]	Time 0.020 (0.121)	Loss 0.0118 (0.0492)
2023-11-23 15:34:45,881 Test: [20/200]	Time 0.021 (0.074)	Loss 0.0372 (0.0501)
2023-11-23 15:34:46,103 Test: [30/200]	Time 0.021 (0.057)	Loss 0.0593 (0.0541)
2023-11-23 15:34:46,328 Test: [40/200]	Time 0.022 (0.049)	Loss 0.0508 (0.0554)
2023-11-23 15:34:46,558 Test: [50/200]	Time 0.020 (0.044)	Loss 0.1009 (0.0560)
2023-11-23 15:34:46,781 Test: [60/200]	Time 0.020 (0.040)	Loss 0.1014 (0.0599)
2023-11-23 15:34:47,011 Test: [70/200]	Time 0.021 (0.038)	Loss 0.0474 (0.0609)
2023-11-23 15:34:47,238 Test: [80/200]	Time 0.021 (0.036)	Loss 0.0594 (0.0593)
2023-11-23 15:34:47,466 Test: [90/200]	Time 0.020 (0.034)	Loss 0.0562 (0.0598)
2023-11-23 15:34:47,694 Test: [100/200]	Time 0.022 (0.033)	Loss 0.0759 (0.0592)
2023-11-23 15:34:47,921 Test: [110/200]	Time 0.022 (0.032)	Loss 0.1505 (0.0597)
2023-11-23 15:34:48,143 Test: [120/200]	Time 0.021 (0.032)	Loss 0.0624 (0.0585)
2023-11-23 15:34:48,368 Test: [130/200]	Time 0.022 (0.031)	Loss 0.0484 (0.0590)
2023-11-23 15:34:48,582 Test: [140/200]	Time 0.021 (0.030)	Loss 0.0672 (0.0585)
2023-11-23 15:34:48,795 Test: [150/200]	Time 0.019 (0.030)	Loss 0.0404 (0.0574)
2023-11-23 15:34:49,018 Test: [160/200]	Time 0.019 (0.029)	Loss 0.0753 (0.0571)
2023-11-23 15:34:49,240 Test: [170/200]	Time 0.023 (0.029)	Loss 0.0399 (0.0569)
2023-11-23 15:34:49,460 Test: [180/200]	Time 0.021 (0.028)	Loss 0.0376 (0.0566)
2023-11-23 15:34:49,680 Test: [190/200]	Time 0.022 (0.028)	Loss 0.0275 (0.0562)
2023-11-23 15:34:55,263 Mean IoU score: 0.867
2023-11-23 15:34:55,265 => saving checkpoint to out
2023-11-23 15:34:57,206 Epoch: [17][0/200]	Time 1.913s (1.913s)	Speed 16.7 samples/s	Data 1.540s (1.540s)	Loss 0.00775 (0.00775)
2023-11-23 15:35:00,597 Epoch: [17][10/200]	Time 0.343s (0.482s)	Speed 93.3 samples/s	Data 0.000s (0.140s)	Loss 0.00735 (0.00686)
2023-11-23 15:35:03,993 Epoch: [17][20/200]	Time 0.340s (0.414s)	Speed 94.1 samples/s	Data 0.000s (0.074s)	Loss 0.00712 (0.00707)
2023-11-23 15:35:07,410 Epoch: [17][30/200]	Time 0.340s (0.391s)	Speed 94.0 samples/s	Data 0.000s (0.050s)	Loss 0.00705 (0.00710)
2023-11-23 15:35:10,801 Epoch: [17][40/200]	Time 0.339s (0.378s)	Speed 94.4 samples/s	Data 0.000s (0.038s)	Loss 0.00706 (0.00727)
2023-11-23 15:35:14,198 Epoch: [17][50/200]	Time 0.343s (0.371s)	Speed 93.3 samples/s	Data 0.000s (0.031s)	Loss 0.00865 (0.00737)
2023-11-23 15:35:17,598 Epoch: [17][60/200]	Time 0.342s (0.366s)	Speed 93.6 samples/s	Data 0.000s (0.026s)	Loss 0.00873 (0.00737)
2023-11-23 15:35:21,014 Epoch: [17][70/200]	Time 0.341s (0.362s)	Speed 93.8 samples/s	Data 0.000s (0.022s)	Loss 0.00727 (0.00737)
2023-11-23 15:35:24,514 Epoch: [17][80/200]	Time 0.352s (0.361s)	Speed 91.0 samples/s	Data 0.000s (0.019s)	Loss 0.00908 (0.00736)
2023-11-23 15:35:27,923 Epoch: [17][90/200]	Time 0.333s (0.359s)	Speed 96.2 samples/s	Data 0.000s (0.017s)	Loss 0.00742 (0.00736)
2023-11-23 15:35:31,446 Epoch: [17][100/200]	Time 0.346s (0.358s)	Speed 92.4 samples/s	Data 0.000s (0.016s)	Loss 0.00551 (0.00730)
2023-11-23 15:35:34,959 Epoch: [17][110/200]	Time 0.338s (0.357s)	Speed 94.6 samples/s	Data 0.000s (0.014s)	Loss 0.00556 (0.00732)
2023-11-23 15:35:38,417 Epoch: [17][120/200]	Time 0.336s (0.356s)	Speed 95.2 samples/s	Data 0.000s (0.013s)	Loss 0.00702 (0.00732)
2023-11-23 15:35:41,822 Epoch: [17][130/200]	Time 0.341s (0.355s)	Speed 94.0 samples/s	Data 0.000s (0.012s)	Loss 0.00818 (0.00732)
2023-11-23 15:35:45,249 Epoch: [17][140/200]	Time 0.339s (0.354s)	Speed 94.3 samples/s	Data 0.000s (0.011s)	Loss 0.00599 (0.00727)
2023-11-23 15:35:48,651 Epoch: [17][150/200]	Time 0.338s (0.353s)	Speed 94.6 samples/s	Data 0.000s (0.011s)	Loss 0.00522 (0.00726)
2023-11-23 15:35:52,079 Epoch: [17][160/200]	Time 0.345s (0.353s)	Speed 92.7 samples/s	Data 0.000s (0.010s)	Loss 0.00719 (0.00725)
2023-11-23 15:35:55,485 Epoch: [17][170/200]	Time 0.338s (0.352s)	Speed 94.8 samples/s	Data 0.000s (0.009s)	Loss 0.00671 (0.00729)
2023-11-23 15:35:58,883 Epoch: [17][180/200]	Time 0.340s (0.351s)	Speed 94.2 samples/s	Data 0.000s (0.009s)	Loss 0.00646 (0.00729)
2023-11-23 15:36:02,291 Epoch: [17][190/200]	Time 0.346s (0.351s)	Speed 92.4 samples/s	Data 0.000s (0.008s)	Loss 0.00703 (0.00728)
2023-11-23 15:36:26,635 Test: [0/200]	Time 1.263 (1.263)	Loss 0.0525 (0.0525)
2023-11-23 15:36:26,866 Test: [10/200]	Time 0.019 (0.136)	Loss 0.0105 (0.0486)
2023-11-23 15:36:27,099 Test: [20/200]	Time 0.022 (0.082)	Loss 0.0331 (0.0503)
2023-11-23 15:36:27,333 Test: [30/200]	Time 0.021 (0.063)	Loss 0.0702 (0.0569)
2023-11-23 15:36:27,568 Test: [40/200]	Time 0.022 (0.054)	Loss 0.0588 (0.0595)
2023-11-23 15:36:27,810 Test: [50/200]	Time 0.025 (0.048)	Loss 0.1172 (0.0603)
2023-11-23 15:36:28,086 Test: [60/200]	Time 0.022 (0.044)	Loss 0.1170 (0.0645)
2023-11-23 15:36:28,323 Test: [70/200]	Time 0.022 (0.042)	Loss 0.0560 (0.0661)
2023-11-23 15:36:28,560 Test: [80/200]	Time 0.022 (0.039)	Loss 0.0586 (0.0641)
2023-11-23 15:36:28,799 Test: [90/200]	Time 0.021 (0.038)	Loss 0.0655 (0.0646)
2023-11-23 15:36:29,037 Test: [100/200]	Time 0.022 (0.036)	Loss 0.0782 (0.0639)
2023-11-23 15:36:29,270 Test: [110/200]	Time 0.023 (0.035)	Loss 0.1522 (0.0643)
2023-11-23 15:36:29,503 Test: [120/200]	Time 0.022 (0.034)	Loss 0.0608 (0.0630)
2023-11-23 15:36:29,734 Test: [130/200]	Time 0.020 (0.033)	Loss 0.0572 (0.0635)
2023-11-23 15:36:29,961 Test: [140/200]	Time 0.021 (0.033)	Loss 0.0618 (0.0629)
2023-11-23 15:36:30,188 Test: [150/200]	Time 0.025 (0.032)	Loss 0.0399 (0.0618)
2023-11-23 15:36:30,417 Test: [160/200]	Time 0.021 (0.031)	Loss 0.0723 (0.0615)
2023-11-23 15:36:30,640 Test: [170/200]	Time 0.020 (0.031)	Loss 0.0450 (0.0611)
2023-11-23 15:36:30,863 Test: [180/200]	Time 0.021 (0.030)	Loss 0.0454 (0.0609)
2023-11-23 15:36:31,087 Test: [190/200]	Time 0.022 (0.030)	Loss 0.0322 (0.0606)
2023-11-23 15:36:36,666 Mean IoU score: 0.860
2023-11-23 15:36:36,667 => saving checkpoint to out
2023-11-23 15:36:38,534 Epoch: [18][0/200]	Time 1.839s (1.839s)	Speed 17.4 samples/s	Data 1.424s (1.424s)	Loss 0.00776 (0.00776)
2023-11-23 15:36:41,916 Epoch: [18][10/200]	Time 0.334s (0.475s)	Speed 95.9 samples/s	Data 0.000s (0.130s)	Loss 0.00616 (0.00732)
2023-11-23 15:36:45,304 Epoch: [18][20/200]	Time 0.334s (0.410s)	Speed 95.9 samples/s	Data 0.000s (0.068s)	Loss 0.00857 (0.00726)
2023-11-23 15:36:48,890 Epoch: [18][30/200]	Time 0.332s (0.393s)	Speed 96.3 samples/s	Data 0.000s (0.046s)	Loss 0.00641 (0.00703)
2023-11-23 15:36:52,273 Epoch: [18][40/200]	Time 0.347s (0.380s)	Speed 92.1 samples/s	Data 0.000s (0.035s)	Loss 0.00890 (0.00702)
2023-11-23 15:36:55,682 Epoch: [18][50/200]	Time 0.343s (0.372s)	Speed 93.4 samples/s	Data 0.000s (0.028s)	Loss 0.00693 (0.00696)
2023-11-23 15:36:59,056 Epoch: [18][60/200]	Time 0.334s (0.367s)	Speed 95.9 samples/s	Data 0.000s (0.024s)	Loss 0.00469 (0.00694)
2023-11-23 15:37:02,464 Epoch: [18][70/200]	Time 0.349s (0.363s)	Speed 91.6 samples/s	Data 0.000s (0.020s)	Loss 0.00735 (0.00693)
2023-11-23 15:37:05,863 Epoch: [18][80/200]	Time 0.336s (0.360s)	Speed 95.3 samples/s	Data 0.000s (0.018s)	Loss 0.00676 (0.00688)
2023-11-23 15:37:09,293 Epoch: [18][90/200]	Time 0.350s (0.358s)	Speed 91.4 samples/s	Data 0.000s (0.016s)	Loss 0.00638 (0.00696)
2023-11-23 15:37:12,736 Epoch: [18][100/200]	Time 0.338s (0.357s)	Speed 94.6 samples/s	Data 0.000s (0.015s)	Loss 0.00819 (0.00694)
2023-11-23 15:37:16,126 Epoch: [18][110/200]	Time 0.339s (0.355s)	Speed 94.4 samples/s	Data 0.000s (0.013s)	Loss 0.00839 (0.00698)
2023-11-23 15:37:19,556 Epoch: [18][120/200]	Time 0.343s (0.354s)	Speed 93.3 samples/s	Data 0.000s (0.012s)	Loss 0.00688 (0.00698)
2023-11-23 15:37:22,987 Epoch: [18][130/200]	Time 0.343s (0.353s)	Speed 93.4 samples/s	Data 0.000s (0.011s)	Loss 0.00864 (0.00699)
2023-11-23 15:37:26,393 Epoch: [18][140/200]	Time 0.341s (0.352s)	Speed 93.7 samples/s	Data 0.000s (0.011s)	Loss 0.00596 (0.00701)
2023-11-23 15:37:29,801 Epoch: [18][150/200]	Time 0.338s (0.352s)	Speed 94.6 samples/s	Data 0.000s (0.010s)	Loss 0.00740 (0.00702)
2023-11-23 15:37:33,212 Epoch: [18][160/200]	Time 0.341s (0.351s)	Speed 93.9 samples/s	Data 0.000s (0.009s)	Loss 0.00527 (0.00706)
2023-11-23 15:37:36,588 Epoch: [18][170/200]	Time 0.322s (0.350s)	Speed 99.2 samples/s	Data 0.000s (0.009s)	Loss 0.00805 (0.00705)
2023-11-23 15:37:40,017 Epoch: [18][180/200]	Time 0.344s (0.350s)	Speed 93.1 samples/s	Data 0.000s (0.008s)	Loss 0.00846 (0.00705)
2023-11-23 15:37:43,443 Epoch: [18][190/200]	Time 0.369s (0.349s)	Speed 86.8 samples/s	Data 0.000s (0.008s)	Loss 0.00749 (0.00705)
2023-11-23 15:38:07,671 Test: [0/200]	Time 1.106 (1.106)	Loss 0.0541 (0.0541)
2023-11-23 15:38:07,895 Test: [10/200]	Time 0.021 (0.121)	Loss 0.0099 (0.0495)
2023-11-23 15:38:08,111 Test: [20/200]	Time 0.020 (0.074)	Loss 0.0391 (0.0505)
2023-11-23 15:38:08,331 Test: [30/200]	Time 0.019 (0.057)	Loss 0.0651 (0.0567)
2023-11-23 15:38:08,557 Test: [40/200]	Time 0.024 (0.049)	Loss 0.0434 (0.0583)
2023-11-23 15:38:08,785 Test: [50/200]	Time 0.021 (0.044)	Loss 0.1153 (0.0595)
2023-11-23 15:38:09,003 Test: [60/200]	Time 0.022 (0.040)	Loss 0.0984 (0.0629)
2023-11-23 15:38:09,222 Test: [70/200]	Time 0.022 (0.037)	Loss 0.0495 (0.0637)
2023-11-23 15:38:09,442 Test: [80/200]	Time 0.020 (0.036)	Loss 0.0716 (0.0622)
2023-11-23 15:38:09,659 Test: [90/200]	Time 0.020 (0.034)	Loss 0.0591 (0.0632)
2023-11-23 15:38:09,876 Test: [100/200]	Time 0.019 (0.033)	Loss 0.0678 (0.0626)
2023-11-23 15:38:10,101 Test: [110/200]	Time 0.021 (0.032)	Loss 0.1556 (0.0626)
2023-11-23 15:38:10,321 Test: [120/200]	Time 0.021 (0.031)	Loss 0.0713 (0.0616)
2023-11-23 15:38:10,543 Test: [130/200]	Time 0.020 (0.030)	Loss 0.0512 (0.0621)
2023-11-23 15:38:10,767 Test: [140/200]	Time 0.020 (0.030)	Loss 0.0830 (0.0615)
2023-11-23 15:38:10,980 Test: [150/200]	Time 0.020 (0.029)	Loss 0.0418 (0.0606)
2023-11-23 15:38:11,194 Test: [160/200]	Time 0.020 (0.029)	Loss 0.0805 (0.0604)
2023-11-23 15:38:11,414 Test: [170/200]	Time 0.019 (0.028)	Loss 0.0526 (0.0600)
2023-11-23 15:38:11,624 Test: [180/200]	Time 0.019 (0.028)	Loss 0.0418 (0.0596)
2023-11-23 15:38:11,836 Test: [190/200]	Time 0.020 (0.028)	Loss 0.0298 (0.0592)
2023-11-23 15:38:17,414 Mean IoU score: 0.862
2023-11-23 15:38:17,416 => saving checkpoint to out
2023-11-23 15:38:19,342 Epoch: [19][0/200]	Time 1.901s (1.901s)	Speed 16.8 samples/s	Data 1.535s (1.535s)	Loss 0.00784 (0.00784)
2023-11-23 15:38:22,730 Epoch: [19][10/200]	Time 0.335s (0.481s)	Speed 95.6 samples/s	Data 0.000s (0.140s)	Loss 0.00762 (0.00673)
2023-11-23 15:38:26,130 Epoch: [19][20/200]	Time 0.338s (0.414s)	Speed 94.8 samples/s	Data 0.000s (0.074s)	Loss 0.00630 (0.00645)
2023-11-23 15:38:29,507 Epoch: [19][30/200]	Time 0.337s (0.389s)	Speed 95.0 samples/s	Data 0.000s (0.050s)	Loss 0.00752 (0.00650)
2023-11-23 15:38:32,901 Epoch: [19][40/200]	Time 0.340s (0.377s)	Speed 94.0 samples/s	Data 0.000s (0.038s)	Loss 0.00579 (0.00650)
2023-11-23 15:38:36,297 Epoch: [19][50/200]	Time 0.329s (0.370s)	Speed 97.2 samples/s	Data 0.000s (0.031s)	Loss 0.00721 (0.00658)
2023-11-23 15:38:39,706 Epoch: [19][60/200]	Time 0.336s (0.365s)	Speed 95.3 samples/s	Data 0.000s (0.026s)	Loss 0.00680 (0.00657)
2023-11-23 15:38:43,111 Epoch: [19][70/200]	Time 0.344s (0.362s)	Speed 93.1 samples/s	Data 0.000s (0.022s)	Loss 0.00615 (0.00654)
2023-11-23 15:38:46,507 Epoch: [19][80/200]	Time 0.350s (0.359s)	Speed 91.4 samples/s	Data 0.000s (0.019s)	Loss 0.00706 (0.00656)
2023-11-23 15:38:50,048 Epoch: [19][90/200]	Time 0.327s (0.358s)	Speed 97.8 samples/s	Data 0.000s (0.017s)	Loss 0.00746 (0.00664)
2023-11-23 15:38:54,301 Epoch: [19][100/200]	Time 0.671s (0.365s)	Speed 47.7 samples/s	Data 0.001s (0.016s)	Loss 0.00838 (0.00667)
2023-11-23 15:38:57,584 Epoch: [19][110/200]	Time 0.324s (0.362s)	Speed 98.8 samples/s	Data 0.000s (0.014s)	Loss 0.00659 (0.00666)
2023-11-23 15:39:01,068 Epoch: [19][120/200]	Time 0.341s (0.361s)	Speed 93.7 samples/s	Data 0.000s (0.013s)	Loss 0.00627 (0.00667)
2023-11-23 15:39:04,484 Epoch: [19][130/200]	Time 0.338s (0.359s)	Speed 94.8 samples/s	Data 0.000s (0.012s)	Loss 0.00673 (0.00669)
2023-11-23 15:39:07,887 Epoch: [19][140/200]	Time 0.335s (0.358s)	Speed 95.4 samples/s	Data 0.000s (0.011s)	Loss 0.00573 (0.00676)
2023-11-23 15:39:11,341 Epoch: [19][150/200]	Time 0.345s (0.357s)	Speed 92.7 samples/s	Data 0.000s (0.011s)	Loss 0.00644 (0.00677)
2023-11-23 15:39:14,741 Epoch: [19][160/200]	Time 0.331s (0.356s)	Speed 96.7 samples/s	Data 0.000s (0.010s)	Loss 0.00882 (0.00680)
2023-11-23 15:39:18,126 Epoch: [19][170/200]	Time 0.339s (0.355s)	Speed 94.4 samples/s	Data 0.000s (0.009s)	Loss 0.00588 (0.00680)
2023-11-23 15:39:21,589 Epoch: [19][180/200]	Time 0.335s (0.354s)	Speed 95.6 samples/s	Data 0.000s (0.009s)	Loss 0.00731 (0.00680)
2023-11-23 15:39:25,074 Epoch: [19][190/200]	Time 0.342s (0.354s)	Speed 93.5 samples/s	Data 0.000s (0.008s)	Loss 0.00781 (0.00684)
2023-11-23 15:40:22,933 Test: [0/200]	Time 1.112 (1.112)	Loss 0.0510 (0.0510)
2023-11-23 15:40:23,153 Test: [10/200]	Time 0.020 (0.121)	Loss 0.0122 (0.0496)
2023-11-23 15:40:23,357 Test: [20/200]	Time 0.019 (0.073)	Loss 0.0549 (0.0557)
2023-11-23 15:40:23,568 Test: [30/200]	Time 0.019 (0.056)	Loss 0.0654 (0.0623)
2023-11-23 15:40:23,765 Test: [40/200]	Time 0.018 (0.047)	Loss 0.0492 (0.0640)
2023-11-23 15:40:23,986 Test: [50/200]	Time 0.020 (0.042)	Loss 0.1194 (0.0645)
2023-11-23 15:40:24,188 Test: [60/200]	Time 0.017 (0.039)	Loss 0.1045 (0.0672)
2023-11-23 15:40:24,391 Test: [70/200]	Time 0.019 (0.036)	Loss 0.0530 (0.0680)
2023-11-23 15:40:24,604 Test: [80/200]	Time 0.019 (0.034)	Loss 0.0623 (0.0659)
2023-11-23 15:40:24,801 Test: [90/200]	Time 0.019 (0.033)	Loss 0.0598 (0.0668)
2023-11-23 15:40:25,034 Test: [100/200]	Time 0.019 (0.032)	Loss 0.0745 (0.0660)
2023-11-23 15:40:25,235 Test: [110/200]	Time 0.019 (0.031)	Loss 0.1699 (0.0661)
2023-11-23 15:40:25,438 Test: [120/200]	Time 0.018 (0.030)	Loss 0.0675 (0.0652)
2023-11-23 15:40:25,635 Test: [130/200]	Time 0.019 (0.029)	Loss 0.0629 (0.0658)
2023-11-23 15:40:25,837 Test: [140/200]	Time 0.018 (0.028)	Loss 0.0784 (0.0650)
2023-11-23 15:40:26,032 Test: [150/200]	Time 0.018 (0.028)	Loss 0.0449 (0.0639)
2023-11-23 15:40:26,227 Test: [160/200]	Time 0.019 (0.027)	Loss 0.0788 (0.0634)
2023-11-23 15:40:26,424 Test: [170/200]	Time 0.018 (0.027)	Loss 0.0529 (0.0629)
2023-11-23 15:40:26,640 Test: [180/200]	Time 0.022 (0.027)	Loss 0.0541 (0.0624)
2023-11-23 15:40:26,852 Test: [190/200]	Time 0.018 (0.026)	Loss 0.0301 (0.0620)
2023-11-23 15:40:32,413 Mean IoU score: 0.859
2023-11-23 15:40:32,415 => saving checkpoint to out
2023-11-23 15:40:32,439 saving final model state to out/final_state.pth.tar
